#
# A fatal error has been detected by the Java Runtime Environment:
#
#  EXCEPTION_ACCESS_VIOLATION (0xc0000005) at pc=0x00007ffb5ade05f2, pid=16392, tid=3248
#
# JRE version: Java(TM) SE Runtime Environment (22.0+36) (build 22+36-2370)
# Java VM: Java HotSpot(TM) 64-Bit Server VM (22+36-2370, mixed mode, sharing, tiered, compressed oops, compressed class ptrs, g1 gc, windows-amd64)
# Problematic frame:
# V  [jvm.dll+0x4505f2]
#
# No core dump will be written. Minidumps are not enabled by default on client versions of Windows
#
# If you would like to submit a bug report, please visit:
#   https://bugreport.java.com/bugreport/crash.jsp
#

---------------  S U M M A R Y ------------

Command Line: demo.jar

Host: 12th Gen Intel(R) Core(TM) i7-12650H, 16 cores, 15G,  Windows 11 , 64 bit Build 22621 (10.0.22621.3527)
Time: Tue May  7 19:13:38 2024 Hora estándar, América Central elapsed time: 0.380920 seconds (0d 0h 0m 0s)

---------------  T H R E A D  ---------------

Current thread (0x000002c7f8754680):  JavaThread "WindowsNativeRunloopThread"        [_thread_in_vm, id=3248, stack(0x000000ebe3b00000,0x000000ebe3c00000) (1024K)]

Stack: [0x000000ebe3b00000,0x000000ebe3c00000],  sp=0x000000ebe3bff4c0,  free space=1021k
Native frames: (J=compiled Java code, j=interpreted, Vv=VM code, C=native code)
V  [jvm.dll+0x4505f2]  (no source info available)
C  [glass.dll+0x510c]  (no source info available)
C  [glass.dll+0xa706]  (no source info available)
C  0x000002c79d71cfc7  (no source info available)

The last pc belongs to native method entry point (kind = native) (printed below).
Java frames: (J=compiled Java code, j=interpreted, Vv=VM code)
j  com.sun.glass.ui.win.WinApplication._runLoop(Ljava/lang/Runnable;)V+0
j  com.sun.glass.ui.win.WinApplication.lambda$runLoop$3(ILjava/lang/Runnable;)V+8
j  com.sun.glass.ui.win.WinApplication$$Lambda+0x000002c7af0333e0.run()V+12
j  java.lang.Thread.runWith(Ljava/lang/Object;Ljava/lang/Runnable;)V+5 java.base@22
j  java.lang.Thread.run()V+19 java.base@22
v  ~StubRoutines::call_stub 0x000002c79d71100d

siginfo: EXCEPTION_ACCESS_VIOLATION (0xc0000005), reading address 0x0000000000000000


Registers:
RAX=0x0000000000000000, RBX=0x000002c7f8754680, RCX=0x000002c7f8754a40, RDX=0x000000ebe3bff6a8
RSP=0x000000ebe3bff4c0, RBP=0x000000ebe3bff5c8, RSI=0x0000000000000000, RDI=0x000002c7f8754a40
R8 =0x0000000000000000, R9 =0x000000ebe3bff5c8, R10=0x0000000000000000, R11=0x0000000000000246
R12=0x0000000000000000, R13=0x000002c7ef506318, R14=0x000000ebe3bff6a8, R15=0x000002c7f8754680
RIP=0x00007ffb5ade05f2, EFLAGS=0x0000000000010246


Register to memory mapping:

RAX=0x0 is null
RBX=0x000002c7f8754680 is a thread
RCX=0x000002c7f8754a40 points into unknown readable memory: 0x00007ffb5b56eac0 | c0 ea 56 5b fb 7f 00 00
RDX=0x000000ebe3bff6a8 is pointing into the stack for thread: 0x000002c7f8754680
RSP=0x000000ebe3bff4c0 is pointing into the stack for thread: 0x000002c7f8754680
RBP=0x000000ebe3bff5c8 is pointing into the stack for thread: 0x000002c7f8754680
RSI=0x0 is null
RDI=0x000002c7f8754a40 points into unknown readable memory: 0x00007ffb5b56eac0 | c0 ea 56 5b fb 7f 00 00
R8 =0x0 is null
R9 =0x000000ebe3bff5c8 is pointing into the stack for thread: 0x000002c7f8754680
R10=0x0 is null
R11=0x0000000000000246 is an unknown value
R12=0x0 is null
R13={method} {0x000002c7ef506320} '_runLoop' '(Ljava/lang/Runnable;)V' in 'com/sun/glass/ui/win/WinApplication'
R14=0x000000ebe3bff6a8 is pointing into the stack for thread: 0x000002c7f8754680
R15=0x000002c7f8754680 is a thread

Top of Stack: (sp=0x000000ebe3bff4c0)
0x000000ebe3bff4c0:   000000ebe3bff4d0 0000000000000001
0x000000ebe3bff4d0:   0000000000000000 000000ebe3bff4e8
0x000000ebe3bff4e0:   00000226b8a08ace 0000000000320030
0x000000ebe3bff4f0:   00007ffbef271f00 00007ffbecc20f11
0x000000ebe3bff500:   000000ebe3bff5b8 0000000000000000
0x000000ebe3bff510:   000002c7f8754680 0000000000000000
0x000000ebe3bff520:   0000000000000000 00007ffbef2972f0
0x000000ebe3bff530:   000002c7f8719120 00007ffbed1b54ef
0x000000ebe3bff540:   0000000000180016 00007ffbef271e58
0x000000ebe3bff550:   000000ebe3bff540 0000000000000000
0x000000ebe3bff560:   000002c7f8754680 000000ebe3bff6b0
0x000000ebe3bff570:   000002c7f8754a40 00007ffb5a65510c
0x000000ebe3bff580:   0000000000000000 000000ebe3bff688
0x000000ebe3bff590:   000000ebe3bff6a8 000002c7f8754a40
0x000000ebe3bff5a0:   000000ebe3bff6a8 00007ffb5a65a706
0x000000ebe3bff5b0:   000002c7ef506318 000002c700000000
0x000000ebe3bff5c0:   0000000000000000 0000000000000000
0x000000ebe3bff5d0:   000002c79d7189b6 000002c79d71ce38
0x000000ebe3bff5e0:   000002c7ef506318 000002c7ef506318
0x000000ebe3bff5f0:   000002c7ef506318 000000ebe3bff6b0
0x000000ebe3bff600:   000002c79d7189b6 000002c79d71cfc7
0x000000ebe3bff610:   000002c7ef506318 000000ebe3bffbe0
0x000000ebe3bff620:   3ff0000000000000 000002c7f8754680
0x000000ebe3bff630:   000000ebe3bffbe0 000002c79d71cc5b
0x000000ebe3bff640:   fffffffffffffff7 000002c7ef506318
0x000000ebe3bff650:   0000000000000005 000002c7ef52ba08
0x000000ebe3bff660:   0000000000000000 0000000714cabbe0
0x000000ebe3bff670:   000002c7ef506318 0000000000000000
0x000000ebe3bff680:   000000ebe3bff6a8 000000ebe3bff700
0x000000ebe3bff690:   000002c79d7188c0 0000000000000000
0x000000ebe3bff6a0:   000002c79d71a517 0000000714d20078
0x000000ebe3bff6b0:   0000000714d19b10 fffffffffffffff7 

Instructions: (pc=0x00007ffb5ade05f2)
0x00007ffb5ade04f2:   ff 48 8b 4b 08 48 8b 43 10 48 89 41 10 48 8b 4b
0x00007ffb5ade0502:   08 48 8b 43 18 48 89 41 18 48 8b 4b 08 48 8b 43
0x00007ffb5ade0512:   20 48 89 41 20 48 8d 8f a0 03 00 00 e8 1d 84 ec
0x00007ffb5ade0522:   ff 90 c7 87 54 04 00 00 04 00 00 00 48 81 c4 b8
0x00007ffb5ade0532:   00 00 00 41 5f 41 5e 5f 5e 5d 5b c3 cc cc 48 89
0x00007ffb5ade0542:   5c 24 08 48 89 6c 24 10 48 89 74 24 18 57 41 56
0x00007ffb5ade0552:   41 57 48 81 ec a0 00 00 00 8b 81 b8 00 00 00 48
0x00007ffb5ade0562:   8d 99 40 fc ff ff 05 53 21 ff ff 49 8b e9 49 8b
0x00007ffb5ade0572:   f0 4c 8b f2 48 8b f9 83 f8 01 77 08 48 8b cb e8
0x00007ffb5ade0582:   ca 17 fa ff 80 3d b7 3a 7f 00 00 c7 83 54 04 00
0x00007ffb5ade0592:   00 06 00 00 00 75 06 e8 72 23 28 00 90 48 8b 83
0x00007ffb5ade05a2:   58 04 00 00 a8 01 74 0d 45 33 c0 b2 01 48 8b cb
0x00007ffb5ade05b2:   e8 b9 5e 2f 00 8b 83 50 04 00 00 a8 0c 74 08 48
0x00007ffb5ade05c2:   8b cb e8 27 2c fa ff c7 83 54 04 00 00 06 00 00
0x00007ffb5ade05d2:   00 48 83 7b 08 00 48 89 5c 24 50 48 c7 44 24 58
0x00007ffb5ade05e2:   00 00 00 00 74 0a 48 8d 4c 24 50 e8 ee fc 2b 00
0x00007ffb5ade05f2:   48 8b 16 48 8d 4c 24 70 c6 44 24 40 0e e8 ac b1
0x00007ffb5ade0602:   00 00 48 8d 44 24 70 48 89 5c 24 30 48 89 44 24
0x00007ffb5ade0612:   28 4c 8d 3d 46 ad 5b 00 41 b9 01 00 00 00 48 89
0x00007ffb5ade0622:   74 24 20 4d 8b c6 4c 89 7c 24 70 48 8d 54 24 40
0x00007ffb5ade0632:   48 89 ac 24 98 00 00 00 48 8b cf e8 7e bf 00 00
0x00007ffb5ade0642:   48 83 7c 24 58 00 4c 89 7c 24 70 48 c7 84 24 98
0x00007ffb5ade0652:   00 00 00 00 00 00 00 74 0a 48 8d 4c 24 50 e8 fb
0x00007ffb5ade0662:   fc 2b 00 48 8b bb 98 01 00 00 48 8b 47 10 48 83
0x00007ffb5ade0672:   38 00 74 08 48 8b cf e8 d2 35 f5 ff 48 8b 4f 08
0x00007ffb5ade0682:   48 8b 47 10 48 89 41 10 48 8b 4f 08 48 8b 47 18
0x00007ffb5ade0692:   48 89 41 18 48 8b 4f 08 48 8b 47 20 48 89 41 20
0x00007ffb5ade06a2:   48 8d 8b a0 03 00 00 e8 92 82 ec ff 4c 8d 9c 24
0x00007ffb5ade06b2:   a0 00 00 00 90 49 8b 6b 28 49 8b 73 30 c7 83 54
0x00007ffb5ade06c2:   04 00 00 04 00 00 00 49 8b 5b 20 49 8b e3 41 5f
0x00007ffb5ade06d2:   41 5e 5f c3 cc cc cc cc cc cc cc cc cc cc 48 89
0x00007ffb5ade06e2:   5c 24 08 48 89 6c 24 10 48 89 74 24 18 48 89 7c 


Stack slot to memory mapping:

stack at sp + 0 slots: 0x000000ebe3bff4d0 is pointing into the stack for thread: 0x000002c7f8754680
stack at sp + 1 slots: 0x0000000000000001 is an unknown value
stack at sp + 2 slots: 0x0 is null
stack at sp + 3 slots: 0x000000ebe3bff4e8 is pointing into the stack for thread: 0x000002c7f8754680
stack at sp + 4 slots: 0x00000226b8a08ace is an unknown value
stack at sp + 5 slots: 0x0000000000320030 is an unknown value
stack at sp + 6 slots: 0x00007ffbef271f00 ole32.dll
stack at sp + 7 slots: 0x00007ffbecc20f11 KERNELBASE.dll

native method entry point (kind = native)  [0x000002c79d71cba0, 0x000002c79d71d6c0]  2848 bytes
[MachCode]
  0x000002c79d71cba0: 488b 4b08 | 0fb7 492e | 584c 8d74 | ccf8 6800 | 0000 0068 | 0000 0000 | 5055 488b | ec41 5568 
  0x000002c79d71cbc0: 0000 0000 | 4c8b 6b08 | 4d8d 6d38 | 5348 8b53 | 0848 8b52 | 0848 8b52 | 1848 8b52 | 7048 8b12 
  0x000002c79d71cbe0: 5248 8b53 | 1048 85d2 | 0f84 0700 | 0000 4881 | c210 0100 | 0052 488b | 5308 488b | 5208 488b 
  0x000002c79d71cc00: 5210 5249 | 8bc6 482b | c548 c1e8 | 0350 6800 | 0000 0068 | f7ff ffff | 41c6 8781 | 0400 0001 
  0x000002c79d71cc20: 488b 4310 | 4885 c074 | 208b 88cc | 0000 0083 | c102 8988 | cc00 0000 | 2388 e000 | 0000 0f84 
  0x000002c79d71cc40: cb09 0000 | e9cf 0000 | 0048 8b43 | 1848 85c0 | 0f85 b000 | 0000 e805 | 0000 00e9 | 9900 0000 
  0x000002c79d71cc60: 488b d348 | 8d44 2408 | 4c89 6dc0 | 498b cfc5 | f877 4989 | afb0 0300 | 0049 8987 | a003 0000 
  0x000002c79d71cc80: 4883 ec20 | 40f6 c40f | 0f84 1900 | 0000 4883 | ec08 48b8 | f0a2 d65a | fb7f 0000 | ffd0 4883 
  0x000002c79d71cca0: c408 e90c | 0000 0048 | b8f0 a2d6 | 5afb 7f00 | 00ff d048 | 83c4 2049 | c787 a003 | 0000 0000 
  0x000002c79d71ccc0: 0000 49c7 | 87b0 0300 | 0000 0000 | 0049 c787 | a803 0000 | 0000 0000 | c5f8 7749 | 837f 0800 
  0x000002c79d71cce0: 0f84 0500 | 0000 e915 | 42ff ff4c | 8b6d c04c | 8b75 c84e | 8d74 f500 | c348 8b43 | 1848 85c0 
  0x000002c79d71cd00: 0f84 1200 | 0000 8b48 | 0883 c102 | 8948 0823 | 481c 0f84 | f708 0000 | 493b a7f0 | 0400 000f 
  0x000002c79d71cd20: 8748 0000 | 0089 8424 | 00f0 ffff | 8984 2400 | e0ff ff89 | 8424 00d0 | ffff 8984 | 2400 c0ff 
  0x000002c79d71cd40: ff89 8424 | 00b0 ffff | 8984 2400 | a0ff ff89 | 8424 0090 | ffff 8984 | 2400 80ff | ff49 3ba7 
  0x000002c79d71cd60: e804 0000 | 7607 4989 | a7f0 0400 | 0041 c687 | 8104 0000 | 0049 baac | 405d 5bfb | 7f00 0041 
  0x000002c79d71cd80: 803a 000f | 843e 0000 | 0048 8b55 | e849 8bcf | 4883 ec20 | 40f6 c40f | 0f84 1900 | 0000 4883 
  0x000002c79d71cda0: ec08 48b8 | 00b6 0d5b | fb7f 0000 | ffd0 4883 | c408 e90c | 0000 0048 | b800 b60d | 5bfb 7f00 
  0x000002c79d71cdc0: 00ff d048 | 83c4 2048 | 8b5d e84c | 8b5b 0845 | 0fb7 5b2e | 41c1 e303 | 492b e348 | 83ec 2048 
  0x000002c79d71cde0: 83e4 f04c | 8b5b 604d | 85db 0f85 | ab00 0000 | e805 0000 | 00e9 9900 | 0000 488b | d348 8d44 
  0x000002c79d71ce00: 2408 4c89 | 6dc0 498b | cfc5 f877 | 4989 afb0 | 0300 0049 | 8987 a003 | 0000 4883 | ec20 40f6 
  0x000002c79d71ce20: c40f 0f84 | 1900 0000 | 4883 ec08 | 48b8 10ca | d65a fb7f | 0000 ffd0 | 4883 c408 | e90c 0000 
  0x000002c79d71ce40: 0048 b810 | cad6 5afb | 7f00 00ff | d048 83c4 | 2049 c787 | a003 0000 | 0000 0000 | 49c7 87b0 
  0x000002c79d71ce60: 0300 0000 | 0000 0049 | c787 a803 | 0000 0000 | 0000 c5f8 | 7749 837f | 0800 0f84 | 0500 0000 
  0x000002c79d71ce80: e97b 40ff | ff4c 8b6d | c04c 8b75 | c84e 8d74 | f500 c348 | 8b5d e84c | 8b5b 6041 | ffd3 488b 
  0x000002c79d71cea0: 5de8 4889 | 4518 448b | 5b28 41f6 | c308 0f84 | 1b00 0000 | 4c8b 5b08 | 4d8b 5b08 | 4d8b 5b18 
  0x000002c79d71cec0: 4d8b 5b70 | 4d8b 1b4c | 895d 1048 | 8d55 1048 | 8b43 5849 | ba00 0d0e | 5bfb 7f00 | 0049 3bc2 
  0x000002c79d71cee0: 0f85 ab00 | 0000 e805 | 0000 00e9 | 9900 0000 | 488b d348 | 8d44 2408 | 4c89 6dc0 | 498b cfc5 
  0x000002c79d71cf00: f877 4989 | afb0 0300 | 0049 8987 | a003 0000 | 4883 ec20 | 40f6 c40f | 0f84 1900 | 0000 4883 
  0x000002c79d71cf20: ec08 48b8 | 10ca d65a | fb7f 0000 | ffd0 4883 | c408 e90c | 0000 0048 | b810 cad6 | 5afb 7f00 
  0x000002c79d71cf40: 00ff d048 | 83c4 2049 | c787 a003 | 0000 0000 | 0000 49c7 | 87b0 0300 | 0000 0000 | 0049 c787 
  0x000002c79d71cf60: a803 0000 | 0000 0000 | c5f8 7749 | 837f 0800 | 0f84 0500 | 0000 e985 | 3fff ff4c | 8b6d c04c 
  0x000002c79d71cf80: 8b75 c84e | 8d74 f500 | c348 8b5d | e848 8b43 | 5849 8d8f | c003 0000 | c5f8 7749 | 89af b003 
  0x000002c79d71cfa0: 0000 49ba | 98cf 719d | c702 0000 | 4d89 97a8 | 0300 0049 | 89a7 a003 | 0000 41c7 | 8754 0400 
  0x000002c79d71cfc0: 0004 0000 | 00ff d0c5 | f877 4883 | ec10 c5fb | 1104 2448 | 83ec 1048 | 8904 2448 | c744 2408 
  0x000002c79d71cfe0: 0000 0000 | 41c7 8754 | 0400 0005 | 0000 00f0 | 8344 24c0 | 0049 3baf | 5804 0000 | 0f87 0e00 
  0x000002c79d71d000: 0000 4183 | bf50 0400 | 0000 0f84 | 2000 0000 | 498b cf4c | 8be4 4883 | ec20 4883 | e4f0 48b8 
  0x000002c79d71d020: c01f d85a | fb7f 0000 | ffd0 498b | e44d 33e4 | 41c7 8754 | 0400 0008 | 0000 0049 | c787 a003 
  0x000002c79d71d040: 0000 0000 | 0000 49c7 | 87b0 0300 | 0000 0000 | 0049 c787 | a803 0000 | 0000 0000 | c5f8 774d 
  0x000002c79d71d060: 8b9f 3004 | 0000 41c7 | 8300 0100 | 0000 0000 | 0049 bb1a | a571 9dc7 | 0200 004c | 3b5d 180f 
  0x000002c79d71d080: 8524 0200 | 0048 8b04 | 2448 83c4 | 1048 85c0 | 0f84 fe01 | 0000 a803 | 0f85 0800 | 0000 488b 
  0x000002c79d71d0a0: 00e9 ee01 | 0000 a801 | 0f85 0900 | 0000 488b | 40fe e9dd | 0100 0048 | 8b40 ff41 | 807f 3800 
  0x000002c79d71d0c0: 0f84 ce01 | 0000 4883 | f800 0f84 | c401 0000 | 4d8b 5f28 | 4983 fb00 | 0f84 1400 | 0000 4983 
  0x000002c79d71d0e0: eb08 4d89 | 5f28 4d03 | 5f30 4989 | 03e9 a201 | 0000 4881 | ecd0 0000 | 0048 8904 | 2448 894c 
  0x000002c79d71d100: 2408 4889 | 5424 1048 | 8974 2418 | 4889 7c24 | 204c 8944 | 2428 4c89 | 4c24 304c | 8954 2438 
  0x000002c79d71d120: 4c89 5c24 | 40c5 fb11 | 4424 50c5 | fb11 4c24 | 58c5 fb11 | 5424 60c5 | fb11 5c24 | 68c5 fb11 
  0x000002c79d71d140: 6424 70c5 | fb11 6c24 | 78c5 fb11 | b424 8000 | 0000 c5fb | 11bc 2488 | 0000 00c5 | 7b11 8424 
  0x000002c79d71d160: 9000 0000 | c57b 118c | 2498 0000 | 00c5 7b11 | 9424 a000 | 0000 c57b | 119c 24a8 | 0000 00c5 
  0x000002c79d71d180: 7b11 a424 | b000 0000 | c57b 11ac | 24b8 0000 | 00c5 7b11 | b424 c000 | 0000 c57b | 11bc 24c8 
  0x000002c79d71d1a0: 0000 0049 | 8bd7 488b | c848 83ec | 2040 f6c4 | 0f0f 8419 | 0000 0048 | 83ec 0848 | b830 3ecb 
  0x000002c79d71d1c0: 5afb 7f00 | 00ff d048 | 83c4 08e9 | 0c00 0000 | 48b8 303e | cb5a fb7f | 0000 ffd0 | 4883 c420 
  0x000002c79d71d1e0: c57b 10bc | 24c8 0000 | 00c5 7b10 | b424 c000 | 0000 c57b | 10ac 24b8 | 0000 00c5 | 7b10 a424 
  0x000002c79d71d200: b000 0000 | c57b 109c | 24a8 0000 | 00c5 7b10 | 9424 a000 | 0000 c57b | 108c 2498 | 0000 00c5 
  0x000002c79d71d220: 7b10 8424 | 9000 0000 | c5fb 10bc | 2488 0000 | 00c5 fb10 | b424 8000 | 0000 c5fb | 106c 2478 
  0x000002c79d71d240: c5fb 1064 | 2470 c5fb | 105c 2468 | c5fb 1054 | 2460 c5fb | 104c 2458 | c5fb 1044 | 2450 4c8b 
  0x000002c79d71d260: 5c24 404c | 8b54 2438 | 4c8b 4c24 | 304c 8b44 | 2428 488b | 7c24 2048 | 8b74 2418 | 488b 5424 
  0x000002c79d71d280: 1048 8b4c | 2408 488b | 0424 4881 | c4d0 0000 | 00c5 f877 | 4889 4510 | 4883 ec10 | 4889 0424 
  0x000002c79d71d2a0: 48c7 4424 | 0800 0000 | 0041 83bf | d004 0000 | 020f 85bf | 0000 0048 | 81ec 8000 | 0000 4889 
  0x000002c79d71d2c0: 4424 7848 | 894c 2470 | 4889 5424 | 6848 895c | 2460 4889 | 6c24 5048 | 8974 2448 | 4889 7c24 
  0x000002c79d71d2e0: 404c 8944 | 2438 4c89 | 4c24 304c | 8954 2428 | 4c89 5c24 | 204c 8964 | 2418 4c89 | 6c24 104c 
  0x000002c79d71d300: 8974 2408 | 4c89 3c24 | 4c8b e448 | 83ec 2048 | 83e4 f048 | b850 ee0d | 5bfb 7f00 | 00ff d049 
  0x000002c79d71d320: 8be4 4c8b | 3c24 4c8b | 7424 084c | 8b6c 2410 | 4c8b 6424 | 184c 8b5c | 2420 4c8b | 5424 284c 
  0x000002c79d71d340: 8b4c 2430 | 4c8b 4424 | 3848 8b7c | 2440 488b | 7424 4848 | 8b6c 2450 | 488b 5c24 | 6048 8b54 
  0x000002c79d71d360: 2468 488b | 4c24 7048 | 8b44 2478 | 4881 c480 | 0000 004d | 33e4 488b | 5de8 4c8b | 6b08 4d8d 
  0x000002c79d71d380: 6d38 4983 | 7f08 000f | 84bb 0000 | 00e8 0500 | 0000 e996 | 0000 0048 | 8d44 2408 | 4c89 6dc0 
  0x000002c79d71d3a0: 498b cfc5 | f877 4989 | afb0 0300 | 0049 8987 | a003 0000 | 4883 ec20 | 40f6 c40f | 0f84 1900 
  0x000002c79d71d3c0: 0000 4883 | ec08 48b8 | 50e8 d65a | fb7f 0000 | ffd0 4883 | c408 e90c | 0000 0048 | b850 e8d6 
  0x000002c79d71d3e0: 5afb 7f00 | 00ff d048 | 83c4 2049 | c787 a003 | 0000 0000 | 0000 49c7 | 87b0 0300 | 0000 0000 
  0x000002c79d71d400: 0049 c787 | a803 0000 | 0000 0000 | c5f8 7749 | 837f 0800 | 0f84 0500 | 0000 e9e1 | 3aff ff4c 
  0x000002c79d71d420: 8b6d c04c | 8b75 c84e | 8d74 f500 | c348 b9c0 | 2835 5bfb | 7f00 0048 | 83e4 f048 | b890 95fc 
  0x000002c79d71d440: 5afb 7f00 | 00ff d0f4 | 448b 5b28 | 41f6 c320 | 0f84 4401 | 0000 488d | 55a8 4c8b | 5a08 4d85 
  0x000002c79d71d460: db0f 85bb | 0000 00e8 | 0500 0000 | e996 0000 | 0048 8d44 | 2408 4c89 | 6dc0 498b | cfc5 f877 
  0x000002c79d71d480: 4989 afb0 | 0300 0049 | 8987 a003 | 0000 4883 | ec20 40f6 | c40f 0f84 | 1900 0000 | 4883 ec08 
  0x000002c79d71d4a0: 48b8 80e7 | d65a fb7f | 0000 ffd0 | 4883 c408 | e90c 0000 | 0048 b880 | e7d6 5afb | 7f00 00ff 
  0x000002c79d71d4c0: d048 83c4 | 2049 c787 | a003 0000 | 0000 0000 | 49c7 87b0 | 0300 0000 | 0000 0049 | c787 a803 
  0x000002c79d71d4e0: 0000 0000 | 0000 c5f8 | 7749 837f | 0800 0f84 | 0500 0000 | e907 3aff | ff4c 8b6d | c04c 8b75 
  0x000002c79d71d500: c84e 8d74 | f500 c348 | b9c0 2835 | 5bfb 7f00 | 0048 83e4 | f048 b890 | 95fc 5afb | 7f00 00ff 
  0x000002c79d71d520: d0f4 4c89 | 6dc0 488d | 024c 8b4a | 0848 c742 | 0800 0000 | 004c 8b00 | 4d85 c00f | 840b 0000 
  0x000002c79d71d540: 00f0 4d0f | b101 0f85 | 0c00 0000 | 49ff 8f58 | 0500 00e9 | 3e00 0000 | 4c89 4a08 | 488b ca48 
  0x000002c79d71d560: 83ec 2040 | f6c4 0f0f | 8419 0000 | 0048 83ec | 0848 b810 | bad6 5afb | 7f00 00ff | d048 83c4 
  0x000002c79d71d580: 08e9 0c00 | 0000 48b8 | 10ba d65a | fb7f 0000 | ffd0 4883 | c420 4c8b | 6dc0 49ba | ac40 5d5b 
  0x000002c79d71d5a0: fb7f 0000 | 4180 3a00 | 0f84 3e00 | 0000 488b | 55e8 498b | cf48 83ec | 2040 f6c4 | 0f0f 8419 
  0x000002c79d71d5c0: 0000 0048 | 83ec 0848 | b800 b60d | 5bfb 7f00 | 00ff d048 | 83c4 08e9 | 0c00 0000 | 48b8 00b6 
  0x000002c79d71d5e0: 0d5b fb7f | 0000 ffd0 | 4883 c420 | 488b 0424 | 4883 c410 | c5fb 1004 | 2448 83c4 | 104c 8b5d 
  0x000002c79d71d600: 1841 ffd3 | 4c8b 5df8 | c95f 498b | e3ff e7ba | 0000 0000 | e805 0000 | 00e9 9600 | 0000 488d 
  0x000002c79d71d620: 4424 084c | 896d c049 | 8bcf c5f8 | 7749 89af | b003 0000 | 4989 87a0 | 0300 0048 | 83ec 2040 
  0x000002c79d71d640: f6c4 0f0f | 8419 0000 | 0048 83ec | 0848 b8d0 | add6 5afb | 7f00 00ff | d048 83c4 | 08e9 0c00 
  0x000002c79d71d660: 0000 48b8 | d0ad d65a | fb7f 0000 | ffd0 4883 | c420 49c7 | 87a0 0300 | 0000 0000 | 0049 c787 
  0x000002c79d71d680: b003 0000 | 0000 0000 | 49c7 87a8 | 0300 0000 | 0000 00c5 | f877 4983 | 7f08 000f | 8405 0000 
  0x000002c79d71d6a0: 00e9 5a38 | ffff 4c8b | 6dc0 4c8b | 75c8 4e8d | 74f5 00c3 | 488b 5de8 | e95b f6ff | ff66 6690 
[/MachCode]

---------------  P R O C E S S  ---------------

Threads class SMR info:
_java_thread_list=0x000002c7f3723b80, length=20, elements={
0x000002c78bdb7880, 0x000002c7ada081a0, 0x000002c7ada08ec0, 0x000002c7ada0aa90,
0x000002c7ada10190, 0x000002c7ada11d00, 0x000002c7ada12760, 0x000002c7ada145d0,
0x000002c7ada15080, 0x000002c7adbba460, 0x000002c7adbbab20, 0x000002c7ad9d4220,
0x000002c7add0f040, 0x000002c7add13300, 0x000002c7add3d410, 0x000002c7add3dad0,
0x000002c7ade56d50, 0x000002c7f33d09c0, 0x000002c7f8708400, 0x000002c7f8754680
}

Java Threads: ( => current thread )
  0x000002c78bdb7880 JavaThread "main"                              [_thread_blocked, id=21376, stack(0x000000ebe1d00000,0x000000ebe1e00000) (1024K)]
  0x000002c7ada081a0 JavaThread "Reference Handler"          daemon [_thread_blocked, id=12636, stack(0x000000ebe2500000,0x000000ebe2600000) (1024K)]
  0x000002c7ada08ec0 JavaThread "Finalizer"                  daemon [_thread_blocked, id=26308, stack(0x000000ebe2600000,0x000000ebe2700000) (1024K)]
  0x000002c7ada0aa90 JavaThread "Signal Dispatcher"          daemon [_thread_blocked, id=15108, stack(0x000000ebe2700000,0x000000ebe2800000) (1024K)]
  0x000002c7ada10190 JavaThread "Attach Listener"            daemon [_thread_blocked, id=24612, stack(0x000000ebe2800000,0x000000ebe2900000) (1024K)]
  0x000002c7ada11d00 JavaThread "Service Thread"             daemon [_thread_blocked, id=23900, stack(0x000000ebe2900000,0x000000ebe2a00000) (1024K)]
  0x000002c7ada12760 JavaThread "Monitor Deflation Thread"   daemon [_thread_blocked, id=3880, stack(0x000000ebe2a00000,0x000000ebe2b00000) (1024K)]
  0x000002c7ada145d0 JavaThread "C2 CompilerThread0"         daemon [_thread_blocked, id=25588, stack(0x000000ebe2b00000,0x000000ebe2c00000) (1024K)]
  0x000002c7ada15080 JavaThread "C1 CompilerThread0"         daemon [_thread_blocked, id=5852, stack(0x000000ebe2c00000,0x000000ebe2d00000) (1024K)]
  0x000002c7adbba460 JavaThread "C1 CompilerThread1"         daemon [_thread_blocked, id=13480, stack(0x000000ebe2d00000,0x000000ebe2e00000) (1024K)]
  0x000002c7adbbab20 JavaThread "C1 CompilerThread2"         daemon [_thread_blocked, id=19460, stack(0x000000ebe2e00000,0x000000ebe2f00000) (1024K)]
  0x000002c7ad9d4220 JavaThread "C1 CompilerThread3"         daemon [_thread_blocked, id=23448, stack(0x000000ebe2f00000,0x000000ebe3000000) (1024K)]
  0x000002c7add0f040 JavaThread "Notification Thread"        daemon [_thread_blocked, id=23280, stack(0x000000ebe3000000,0x000000ebe3100000) (1024K)]
  0x000002c7add13300 JavaThread "Common-Cleaner"             daemon [_thread_blocked, id=2508, stack(0x000000ebe3100000,0x000000ebe3200000) (1024K)]
  0x000002c7add3d410 JavaThread "C2 CompilerThread1"         daemon [_thread_blocked, id=26276, stack(0x000000ebe3200000,0x000000ebe3300000) (1024K)]
  0x000002c7add3dad0 JavaThread "C2 CompilerThread2"         daemon [_thread_blocked, id=27856, stack(0x000000ebe3300000,0x000000ebe3400000) (1024K)]
  0x000002c7ade56d50 JavaThread "JavaFX-Launcher"                   [_thread_blocked, id=28704, stack(0x000000ebe3400000,0x000000ebe3500000) (1024K)]
  0x000002c7f33d09c0 JavaThread "QuantumRenderer-0"          daemon [_thread_blocked, id=28852, stack(0x000000ebe3500000,0x000000ebe3600000) (1024K)]
  0x000002c7f8708400 JavaThread "InvokeLaterDispatcher"      daemon [_thread_blocked, id=17352, stack(0x000000ebe3a00000,0x000000ebe3b00000) (1024K)]
=>0x000002c7f8754680 JavaThread "WindowsNativeRunloopThread"        [_thread_in_vm, id=3248, stack(0x000000ebe3b00000,0x000000ebe3c00000) (1024K)]
Total: 20

Other Threads:
  0x000002c7ad9ee050 VMThread "VM Thread"                           [id=17872, stack(0x000000ebe2400000,0x000000ebe2500000) (1024K)]
  0x000002c7ad9d3670 WatcherThread "VM Periodic Task Thread"        [id=11488, stack(0x000000ebe2300000,0x000000ebe2400000) (1024K)]
  0x000002c78dfdf320 WorkerThread "GC Thread#0"                     [id=28420, stack(0x000000ebe1e00000,0x000000ebe1f00000) (1024K)]
  0x000002c78dfefc20 ConcurrentGCThread "G1 Main Marker"            [id=20452, stack(0x000000ebe1f00000,0x000000ebe2000000) (1024K)]
  0x000002c78dff0630 WorkerThread "G1 Conc#0"                       [id=3140, stack(0x000000ebe2000000,0x000000ebe2100000) (1024K)]
  0x000002c7ad8a7a20 ConcurrentGCThread "G1 Refine#0"               [id=24204, stack(0x000000ebe2100000,0x000000ebe2200000) (1024K)]
  0x000002c7ad8a8250 ConcurrentGCThread "G1 Service"                [id=13092, stack(0x000000ebe2200000,0x000000ebe2300000) (1024K)]
Total: 7

Threads with active compile tasks:
Total: 0

VM state: not at safepoint (normal execution)

VM Mutex/Monitor currently owned by a thread: None

Heap address: 0x0000000705e00000, size: 4002 MB, Compressed Oops mode: Zero based, Oop shift amount: 3

CDS archive(s) mapped at: [0x000002c7ae000000-0x000002c7aec60000-0x000002c7aec60000), size 12976128, SharedBaseAddress: 0x000002c7ae000000, ArchiveRelocationMode: 1.
Compressed class space mapped at: 0x000002c7af000000-0x000002c7ef000000, reserved size: 1073741824
Narrow klass base: 0x000002c7ae000000, Narrow klass shift: 0, Narrow klass range: 0x41000000

GC Precious Log:
 CardTable entry size: 512
 Card Set container configuration: InlinePtr #cards 4 size 8 Array Of Cards #cards 16 size 48 Howl #buckets 8 coarsen threshold 3686 Howl Bitmap #cards 512 size 80 coarsen threshold 460 Card regions per heap region 1 cards per card region 4096
 CPUs: 16 total, 16 available
 Memory: 16004M
 Large Page Support: Disabled
 NUMA Support: Disabled
 Compressed Oops: Enabled (Zero based)
 Heap Region Size: 2M
 Heap Min Capacity: 8M
 Heap Initial Capacity: 252M
 Heap Max Capacity: 4002M
 Pre-touch: Disabled
 Parallel Workers: 13
 Concurrent Workers: 3
 Concurrent Refinement Workers: 13
 Periodic GC: Disabled

Heap:
 garbage-first heap   total reserved 4098048K, committed 258048K, used 20480K [0x0000000705e00000, 0x0000000800000000)
  region size 2048K, 7 young (14336K), 0 survivors (0K)
 Metaspace       used 3271K, committed 3520K, reserved 1114112K
  class space    used 340K, committed 448K, reserved 1048576K

Heap Regions: E=young(eden), S=young(survivor), O=old, HS=humongous(starts), HC=humongous(continues), CS=collection set, F=free, TAMS=top-at-mark-start, PB=parsable bottom
|   0|0x0000000705e00000, 0x0000000706000000, 0x0000000706000000|100%|HS|  |TAMS 0x0000000705e00000| PB 0x0000000705e00000| Complete |  0
|   1|0x0000000706000000, 0x0000000706200000, 0x0000000706200000|100%|HC|  |TAMS 0x0000000706000000| PB 0x0000000706000000| Complete |  0
|   2|0x0000000706200000, 0x0000000706400000, 0x0000000706400000|100%|HS|  |TAMS 0x0000000706200000| PB 0x0000000706200000| Complete |  0
|   3|0x0000000706400000, 0x0000000706600000, 0x0000000706600000|100%|HC|  |TAMS 0x0000000706400000| PB 0x0000000706400000| Complete |  0
|   4|0x0000000706600000, 0x0000000706600000, 0x0000000706800000|  0%| F|  |TAMS 0x0000000706600000| PB 0x0000000706600000| Untracked |  0
|   5|0x0000000706800000, 0x0000000706800000, 0x0000000706a00000|  0%| F|  |TAMS 0x0000000706800000| PB 0x0000000706800000| Untracked |  0
|   6|0x0000000706a00000, 0x0000000706a00000, 0x0000000706c00000|  0%| F|  |TAMS 0x0000000706a00000| PB 0x0000000706a00000| Untracked |  0
|   7|0x0000000706c00000, 0x0000000706c00000, 0x0000000706e00000|  0%| F|  |TAMS 0x0000000706c00000| PB 0x0000000706c00000| Untracked |  0
|   8|0x0000000706e00000, 0x0000000706e00000, 0x0000000707000000|  0%| F|  |TAMS 0x0000000706e00000| PB 0x0000000706e00000| Untracked |  0
|   9|0x0000000707000000, 0x0000000707000000, 0x0000000707200000|  0%| F|  |TAMS 0x0000000707000000| PB 0x0000000707000000| Untracked |  0
|  10|0x0000000707200000, 0x0000000707200000, 0x0000000707400000|  0%| F|  |TAMS 0x0000000707200000| PB 0x0000000707200000| Untracked |  0
|  11|0x0000000707400000, 0x0000000707400000, 0x0000000707600000|  0%| F|  |TAMS 0x0000000707400000| PB 0x0000000707400000| Untracked |  0
|  12|0x0000000707600000, 0x0000000707600000, 0x0000000707800000|  0%| F|  |TAMS 0x0000000707600000| PB 0x0000000707600000| Untracked |  0
|  13|0x0000000707800000, 0x0000000707800000, 0x0000000707a00000|  0%| F|  |TAMS 0x0000000707800000| PB 0x0000000707800000| Untracked |  0
|  14|0x0000000707a00000, 0x0000000707a00000, 0x0000000707c00000|  0%| F|  |TAMS 0x0000000707a00000| PB 0x0000000707a00000| Untracked |  0
|  15|0x0000000707c00000, 0x0000000707c00000, 0x0000000707e00000|  0%| F|  |TAMS 0x0000000707c00000| PB 0x0000000707c00000| Untracked |  0
|  16|0x0000000707e00000, 0x0000000707e00000, 0x0000000708000000|  0%| F|  |TAMS 0x0000000707e00000| PB 0x0000000707e00000| Untracked |  0
|  17|0x0000000708000000, 0x0000000708000000, 0x0000000708200000|  0%| F|  |TAMS 0x0000000708000000| PB 0x0000000708000000| Untracked |  0
|  18|0x0000000708200000, 0x0000000708200000, 0x0000000708400000|  0%| F|  |TAMS 0x0000000708200000| PB 0x0000000708200000| Untracked |  0
|  19|0x0000000708400000, 0x0000000708400000, 0x0000000708600000|  0%| F|  |TAMS 0x0000000708400000| PB 0x0000000708400000| Untracked |  0
|  20|0x0000000708600000, 0x0000000708600000, 0x0000000708800000|  0%| F|  |TAMS 0x0000000708600000| PB 0x0000000708600000| Untracked |  0
|  21|0x0000000708800000, 0x0000000708800000, 0x0000000708a00000|  0%| F|  |TAMS 0x0000000708800000| PB 0x0000000708800000| Untracked |  0
|  22|0x0000000708a00000, 0x0000000708a00000, 0x0000000708c00000|  0%| F|  |TAMS 0x0000000708a00000| PB 0x0000000708a00000| Untracked |  0
|  23|0x0000000708c00000, 0x0000000708c00000, 0x0000000708e00000|  0%| F|  |TAMS 0x0000000708c00000| PB 0x0000000708c00000| Untracked |  0
|  24|0x0000000708e00000, 0x0000000708e00000, 0x0000000709000000|  0%| F|  |TAMS 0x0000000708e00000| PB 0x0000000708e00000| Untracked |  0
|  25|0x0000000709000000, 0x0000000709000000, 0x0000000709200000|  0%| F|  |TAMS 0x0000000709000000| PB 0x0000000709000000| Untracked |  0
|  26|0x0000000709200000, 0x0000000709200000, 0x0000000709400000|  0%| F|  |TAMS 0x0000000709200000| PB 0x0000000709200000| Untracked |  0
|  27|0x0000000709400000, 0x0000000709400000, 0x0000000709600000|  0%| F|  |TAMS 0x0000000709400000| PB 0x0000000709400000| Untracked |  0
|  28|0x0000000709600000, 0x0000000709600000, 0x0000000709800000|  0%| F|  |TAMS 0x0000000709600000| PB 0x0000000709600000| Untracked |  0
|  29|0x0000000709800000, 0x0000000709800000, 0x0000000709a00000|  0%| F|  |TAMS 0x0000000709800000| PB 0x0000000709800000| Untracked |  0
|  30|0x0000000709a00000, 0x0000000709a00000, 0x0000000709c00000|  0%| F|  |TAMS 0x0000000709a00000| PB 0x0000000709a00000| Untracked |  0
|  31|0x0000000709c00000, 0x0000000709c00000, 0x0000000709e00000|  0%| F|  |TAMS 0x0000000709c00000| PB 0x0000000709c00000| Untracked |  0
|  32|0x0000000709e00000, 0x0000000709e00000, 0x000000070a000000|  0%| F|  |TAMS 0x0000000709e00000| PB 0x0000000709e00000| Untracked |  0
|  33|0x000000070a000000, 0x000000070a000000, 0x000000070a200000|  0%| F|  |TAMS 0x000000070a000000| PB 0x000000070a000000| Untracked |  0
|  34|0x000000070a200000, 0x000000070a200000, 0x000000070a400000|  0%| F|  |TAMS 0x000000070a200000| PB 0x000000070a200000| Untracked |  0
|  35|0x000000070a400000, 0x000000070a400000, 0x000000070a600000|  0%| F|  |TAMS 0x000000070a400000| PB 0x000000070a400000| Untracked |  0
|  36|0x000000070a600000, 0x000000070a600000, 0x000000070a800000|  0%| F|  |TAMS 0x000000070a600000| PB 0x000000070a600000| Untracked |  0
|  37|0x000000070a800000, 0x000000070a800000, 0x000000070aa00000|  0%| F|  |TAMS 0x000000070a800000| PB 0x000000070a800000| Untracked |  0
|  38|0x000000070aa00000, 0x000000070aa00000, 0x000000070ac00000|  0%| F|  |TAMS 0x000000070aa00000| PB 0x000000070aa00000| Untracked |  0
|  39|0x000000070ac00000, 0x000000070ac00000, 0x000000070ae00000|  0%| F|  |TAMS 0x000000070ac00000| PB 0x000000070ac00000| Untracked |  0
|  40|0x000000070ae00000, 0x000000070ae00000, 0x000000070b000000|  0%| F|  |TAMS 0x000000070ae00000| PB 0x000000070ae00000| Untracked |  0
|  41|0x000000070b000000, 0x000000070b000000, 0x000000070b200000|  0%| F|  |TAMS 0x000000070b000000| PB 0x000000070b000000| Untracked |  0
|  42|0x000000070b200000, 0x000000070b200000, 0x000000070b400000|  0%| F|  |TAMS 0x000000070b200000| PB 0x000000070b200000| Untracked |  0
|  43|0x000000070b400000, 0x000000070b400000, 0x000000070b600000|  0%| F|  |TAMS 0x000000070b400000| PB 0x000000070b400000| Untracked |  0
|  44|0x000000070b600000, 0x000000070b600000, 0x000000070b800000|  0%| F|  |TAMS 0x000000070b600000| PB 0x000000070b600000| Untracked |  0
|  45|0x000000070b800000, 0x000000070b800000, 0x000000070ba00000|  0%| F|  |TAMS 0x000000070b800000| PB 0x000000070b800000| Untracked |  0
|  46|0x000000070ba00000, 0x000000070ba00000, 0x000000070bc00000|  0%| F|  |TAMS 0x000000070ba00000| PB 0x000000070ba00000| Untracked |  0
|  47|0x000000070bc00000, 0x000000070bc00000, 0x000000070be00000|  0%| F|  |TAMS 0x000000070bc00000| PB 0x000000070bc00000| Untracked |  0
|  48|0x000000070be00000, 0x000000070be00000, 0x000000070c000000|  0%| F|  |TAMS 0x000000070be00000| PB 0x000000070be00000| Untracked |  0
|  49|0x000000070c000000, 0x000000070c000000, 0x000000070c200000|  0%| F|  |TAMS 0x000000070c000000| PB 0x000000070c000000| Untracked |  0
|  50|0x000000070c200000, 0x000000070c200000, 0x000000070c400000|  0%| F|  |TAMS 0x000000070c200000| PB 0x000000070c200000| Untracked |  0
|  51|0x000000070c400000, 0x000000070c400000, 0x000000070c600000|  0%| F|  |TAMS 0x000000070c400000| PB 0x000000070c400000| Untracked |  0
|  52|0x000000070c600000, 0x000000070c600000, 0x000000070c800000|  0%| F|  |TAMS 0x000000070c600000| PB 0x000000070c600000| Untracked |  0
|  53|0x000000070c800000, 0x000000070c800000, 0x000000070ca00000|  0%| F|  |TAMS 0x000000070c800000| PB 0x000000070c800000| Untracked |  0
|  54|0x000000070ca00000, 0x000000070ca00000, 0x000000070cc00000|  0%| F|  |TAMS 0x000000070ca00000| PB 0x000000070ca00000| Untracked |  0
|  55|0x000000070cc00000, 0x000000070cc00000, 0x000000070ce00000|  0%| F|  |TAMS 0x000000070cc00000| PB 0x000000070cc00000| Untracked |  0
|  56|0x000000070ce00000, 0x000000070ce00000, 0x000000070d000000|  0%| F|  |TAMS 0x000000070ce00000| PB 0x000000070ce00000| Untracked |  0
|  57|0x000000070d000000, 0x000000070d000000, 0x000000070d200000|  0%| F|  |TAMS 0x000000070d000000| PB 0x000000070d000000| Untracked |  0
|  58|0x000000070d200000, 0x000000070d200000, 0x000000070d400000|  0%| F|  |TAMS 0x000000070d200000| PB 0x000000070d200000| Untracked |  0
|  59|0x000000070d400000, 0x000000070d400000, 0x000000070d600000|  0%| F|  |TAMS 0x000000070d400000| PB 0x000000070d400000| Untracked |  0
|  60|0x000000070d600000, 0x000000070d600000, 0x000000070d800000|  0%| F|  |TAMS 0x000000070d600000| PB 0x000000070d600000| Untracked |  0
|  61|0x000000070d800000, 0x000000070d800000, 0x000000070da00000|  0%| F|  |TAMS 0x000000070d800000| PB 0x000000070d800000| Untracked |  0
|  62|0x000000070da00000, 0x000000070da00000, 0x000000070dc00000|  0%| F|  |TAMS 0x000000070da00000| PB 0x000000070da00000| Untracked |  0
|  63|0x000000070dc00000, 0x000000070dc00000, 0x000000070de00000|  0%| F|  |TAMS 0x000000070dc00000| PB 0x000000070dc00000| Untracked |  0
|  64|0x000000070de00000, 0x000000070de00000, 0x000000070e000000|  0%| F|  |TAMS 0x000000070de00000| PB 0x000000070de00000| Untracked |  0
|  65|0x000000070e000000, 0x000000070e000000, 0x000000070e200000|  0%| F|  |TAMS 0x000000070e000000| PB 0x000000070e000000| Untracked |  0
|  66|0x000000070e200000, 0x000000070e200000, 0x000000070e400000|  0%| F|  |TAMS 0x000000070e200000| PB 0x000000070e200000| Untracked |  0
|  67|0x000000070e400000, 0x000000070e400000, 0x000000070e600000|  0%| F|  |TAMS 0x000000070e400000| PB 0x000000070e400000| Untracked |  0
|  68|0x000000070e600000, 0x000000070e600000, 0x000000070e800000|  0%| F|  |TAMS 0x000000070e600000| PB 0x000000070e600000| Untracked |  0
|  69|0x000000070e800000, 0x000000070e800000, 0x000000070ea00000|  0%| F|  |TAMS 0x000000070e800000| PB 0x000000070e800000| Untracked |  0
|  70|0x000000070ea00000, 0x000000070ea00000, 0x000000070ec00000|  0%| F|  |TAMS 0x000000070ea00000| PB 0x000000070ea00000| Untracked |  0
|  71|0x000000070ec00000, 0x000000070ec00000, 0x000000070ee00000|  0%| F|  |TAMS 0x000000070ec00000| PB 0x000000070ec00000| Untracked |  0
|  72|0x000000070ee00000, 0x000000070ee00000, 0x000000070f000000|  0%| F|  |TAMS 0x000000070ee00000| PB 0x000000070ee00000| Untracked |  0
|  73|0x000000070f000000, 0x000000070f000000, 0x000000070f200000|  0%| F|  |TAMS 0x000000070f000000| PB 0x000000070f000000| Untracked |  0
|  74|0x000000070f200000, 0x000000070f200000, 0x000000070f400000|  0%| F|  |TAMS 0x000000070f200000| PB 0x000000070f200000| Untracked |  0
|  75|0x000000070f400000, 0x000000070f400000, 0x000000070f600000|  0%| F|  |TAMS 0x000000070f400000| PB 0x000000070f400000| Untracked |  0
|  76|0x000000070f600000, 0x000000070f600000, 0x000000070f800000|  0%| F|  |TAMS 0x000000070f600000| PB 0x000000070f600000| Untracked |  0
|  77|0x000000070f800000, 0x000000070f800000, 0x000000070fa00000|  0%| F|  |TAMS 0x000000070f800000| PB 0x000000070f800000| Untracked |  0
|  78|0x000000070fa00000, 0x000000070fa00000, 0x000000070fc00000|  0%| F|  |TAMS 0x000000070fa00000| PB 0x000000070fa00000| Untracked |  0
|  79|0x000000070fc00000, 0x000000070fc00000, 0x000000070fe00000|  0%| F|  |TAMS 0x000000070fc00000| PB 0x000000070fc00000| Untracked |  0
|  80|0x000000070fe00000, 0x000000070fe00000, 0x0000000710000000|  0%| F|  |TAMS 0x000000070fe00000| PB 0x000000070fe00000| Untracked |  0
|  81|0x0000000710000000, 0x0000000710000000, 0x0000000710200000|  0%| F|  |TAMS 0x0000000710000000| PB 0x0000000710000000| Untracked |  0
|  82|0x0000000710200000, 0x0000000710200000, 0x0000000710400000|  0%| F|  |TAMS 0x0000000710200000| PB 0x0000000710200000| Untracked |  0
|  83|0x0000000710400000, 0x0000000710400000, 0x0000000710600000|  0%| F|  |TAMS 0x0000000710400000| PB 0x0000000710400000| Untracked |  0
|  84|0x0000000710600000, 0x0000000710600000, 0x0000000710800000|  0%| F|  |TAMS 0x0000000710600000| PB 0x0000000710600000| Untracked |  0
|  85|0x0000000710800000, 0x0000000710800000, 0x0000000710a00000|  0%| F|  |TAMS 0x0000000710800000| PB 0x0000000710800000| Untracked |  0
|  86|0x0000000710a00000, 0x0000000710a00000, 0x0000000710c00000|  0%| F|  |TAMS 0x0000000710a00000| PB 0x0000000710a00000| Untracked |  0
|  87|0x0000000710c00000, 0x0000000710c00000, 0x0000000710e00000|  0%| F|  |TAMS 0x0000000710c00000| PB 0x0000000710c00000| Untracked |  0
|  88|0x0000000710e00000, 0x0000000710e00000, 0x0000000711000000|  0%| F|  |TAMS 0x0000000710e00000| PB 0x0000000710e00000| Untracked |  0
|  89|0x0000000711000000, 0x0000000711000000, 0x0000000711200000|  0%| F|  |TAMS 0x0000000711000000| PB 0x0000000711000000| Untracked |  0
|  90|0x0000000711200000, 0x0000000711200000, 0x0000000711400000|  0%| F|  |TAMS 0x0000000711200000| PB 0x0000000711200000| Untracked |  0
|  91|0x0000000711400000, 0x0000000711400000, 0x0000000711600000|  0%| F|  |TAMS 0x0000000711400000| PB 0x0000000711400000| Untracked |  0
|  92|0x0000000711600000, 0x0000000711600000, 0x0000000711800000|  0%| F|  |TAMS 0x0000000711600000| PB 0x0000000711600000| Untracked |  0
|  93|0x0000000711800000, 0x0000000711800000, 0x0000000711a00000|  0%| F|  |TAMS 0x0000000711800000| PB 0x0000000711800000| Untracked |  0
|  94|0x0000000711a00000, 0x0000000711a00000, 0x0000000711c00000|  0%| F|  |TAMS 0x0000000711a00000| PB 0x0000000711a00000| Untracked |  0
|  95|0x0000000711c00000, 0x0000000711c00000, 0x0000000711e00000|  0%| F|  |TAMS 0x0000000711c00000| PB 0x0000000711c00000| Untracked |  0
|  96|0x0000000711e00000, 0x0000000711e00000, 0x0000000712000000|  0%| F|  |TAMS 0x0000000711e00000| PB 0x0000000711e00000| Untracked |  0
|  97|0x0000000712000000, 0x0000000712000000, 0x0000000712200000|  0%| F|  |TAMS 0x0000000712000000| PB 0x0000000712000000| Untracked |  0
|  98|0x0000000712200000, 0x0000000712200000, 0x0000000712400000|  0%| F|  |TAMS 0x0000000712200000| PB 0x0000000712200000| Untracked |  0
|  99|0x0000000712400000, 0x0000000712400000, 0x0000000712600000|  0%| F|  |TAMS 0x0000000712400000| PB 0x0000000712400000| Untracked |  0
| 100|0x0000000712600000, 0x0000000712600000, 0x0000000712800000|  0%| F|  |TAMS 0x0000000712600000| PB 0x0000000712600000| Untracked |  0
| 101|0x0000000712800000, 0x0000000712800000, 0x0000000712a00000|  0%| F|  |TAMS 0x0000000712800000| PB 0x0000000712800000| Untracked |  0
| 102|0x0000000712a00000, 0x0000000712a00000, 0x0000000712c00000|  0%| F|  |TAMS 0x0000000712a00000| PB 0x0000000712a00000| Untracked |  0
| 103|0x0000000712c00000, 0x0000000712c00000, 0x0000000712e00000|  0%| F|  |TAMS 0x0000000712c00000| PB 0x0000000712c00000| Untracked |  0
| 104|0x0000000712e00000, 0x0000000712e00000, 0x0000000713000000|  0%| F|  |TAMS 0x0000000712e00000| PB 0x0000000712e00000| Untracked |  0
| 105|0x0000000713000000, 0x0000000713000000, 0x0000000713200000|  0%| F|  |TAMS 0x0000000713000000| PB 0x0000000713000000| Untracked |  0
| 106|0x0000000713200000, 0x0000000713200000, 0x0000000713400000|  0%| F|  |TAMS 0x0000000713200000| PB 0x0000000713200000| Untracked |  0
| 107|0x0000000713400000, 0x0000000713400000, 0x0000000713600000|  0%| F|  |TAMS 0x0000000713400000| PB 0x0000000713400000| Untracked |  0
| 108|0x0000000713600000, 0x0000000713600000, 0x0000000713800000|  0%| F|  |TAMS 0x0000000713600000| PB 0x0000000713600000| Untracked |  0
| 109|0x0000000713800000, 0x0000000713800000, 0x0000000713a00000|  0%| F|  |TAMS 0x0000000713800000| PB 0x0000000713800000| Untracked |  0
| 110|0x0000000713a00000, 0x0000000713a00000, 0x0000000713c00000|  0%| F|  |TAMS 0x0000000713a00000| PB 0x0000000713a00000| Untracked |  0
| 111|0x0000000713c00000, 0x0000000713c00000, 0x0000000713e00000|  0%| F|  |TAMS 0x0000000713c00000| PB 0x0000000713c00000| Untracked |  0
| 112|0x0000000713e00000, 0x0000000713e00000, 0x0000000714000000|  0%| F|  |TAMS 0x0000000713e00000| PB 0x0000000713e00000| Untracked |  0
| 113|0x0000000714000000, 0x0000000714000000, 0x0000000714200000|  0%| F|  |TAMS 0x0000000714000000| PB 0x0000000714000000| Untracked |  0
| 114|0x0000000714200000, 0x0000000714200000, 0x0000000714400000|  0%| F|  |TAMS 0x0000000714200000| PB 0x0000000714200000| Untracked |  0
| 115|0x0000000714400000, 0x0000000714400000, 0x0000000714600000|  0%| F|  |TAMS 0x0000000714400000| PB 0x0000000714400000| Untracked |  0
| 116|0x0000000714600000, 0x0000000714600000, 0x0000000714800000|  0%| F|  |TAMS 0x0000000714600000| PB 0x0000000714600000| Untracked |  0
| 117|0x0000000714800000, 0x0000000714800000, 0x0000000714a00000|  0%| F|  |TAMS 0x0000000714800000| PB 0x0000000714800000| Untracked |  0
| 118|0x0000000714a00000, 0x0000000714a00000, 0x0000000714c00000|  0%| F|  |TAMS 0x0000000714a00000| PB 0x0000000714a00000| Untracked |  0
| 119|0x0000000714c00000, 0x0000000714e00000, 0x0000000714e00000|100%| E|  |TAMS 0x0000000714c00000| PB 0x0000000714c00000| Complete |  0
| 120|0x0000000714e00000, 0x0000000715000000, 0x0000000715000000|100%| E|CS|TAMS 0x0000000714e00000| PB 0x0000000714e00000| Complete |  0
| 121|0x0000000715000000, 0x0000000715200000, 0x0000000715200000|100%| E|CS|TAMS 0x0000000715000000| PB 0x0000000715000000| Complete |  0
| 122|0x0000000715200000, 0x0000000715400000, 0x0000000715400000|100%| E|CS|TAMS 0x0000000715200000| PB 0x0000000715200000| Complete |  0
| 123|0x0000000715400000, 0x0000000715600000, 0x0000000715600000|100%| E|CS|TAMS 0x0000000715400000| PB 0x0000000715400000| Complete |  0
| 124|0x0000000715600000, 0x0000000715800000, 0x0000000715800000|100%| E|CS|TAMS 0x0000000715600000| PB 0x0000000715600000| Complete |  0
| 125|0x0000000715800000, 0x0000000715a00000, 0x0000000715a00000|100%| E|CS|TAMS 0x0000000715800000| PB 0x0000000715800000| Complete |  0

Card table byte_map: [0x000002c7a6330000,0x000002c7a6b10000] _byte_map_base: 0x000002c7a2b01000

Marking Bits: (CMBitMap*) 0x000002c78dfdf930
 Bits: [0x000002c7a6b10000, 0x000002c7aa998000)

Polling page: 0x000002c78bf70000

Metaspace:

Usage:
  Non-class:      2.86 MB used.
      Class:    340.98 KB used.
       Both:      3.19 MB used.

Virtual space:
  Non-class space:       64.00 MB reserved,       3.00 MB (  5%) committed,  1 nodes.
      Class space:        1.00 GB reserved,     448.00 KB ( <1%) committed,  1 nodes.
             Both:        1.06 GB reserved,       3.44 MB ( <1%) committed. 

Chunk freelists:
   Non-Class:  10.80 MB
       Class:  15.54 MB
        Both:  26.35 MB

MaxMetaspaceSize: unlimited
CompressedClassSpaceSize: 1.00 GB
Initial GC threshold: 21.00 MB
Current GC threshold: 21.00 MB
CDS: on
 - commit_granule_bytes: 65536.
 - commit_granule_words: 8192.
 - virtual_space_node_default_size: 8388608.
 - enlarge_chunks_in_place: 1.
 - use_allocation_guard: 0.


Internal statistics:

num_allocs_failed_limit: 0.
num_arena_births: 108.
num_arena_deaths: 0.
num_vsnodes_births: 2.
num_vsnodes_deaths: 0.
num_space_committed: 55.
num_space_uncommitted: 0.
num_chunks_returned_to_freelist: 0.
num_chunks_taken_from_freelist: 187.
num_chunk_merges: 0.
num_chunk_splits: 118.
num_chunks_enlarged: 70.
num_inconsistent_stats: 0.

CodeHeap 'non-profiled nmethods': size=119168Kb used=303Kb max_used=303Kb free=118864Kb
 bounds [0x000002c79de60000, 0x000002c79e0d0000, 0x000002c7a52c0000]
CodeHeap 'profiled nmethods': size=119104Kb used=1547Kb max_used=1547Kb free=117556Kb
 bounds [0x000002c7962c0000, 0x000002c796530000, 0x000002c79d710000]
CodeHeap 'non-nmethods': size=7488Kb used=3081Kb max_used=3111Kb free=4407Kb
 bounds [0x000002c79d710000, 0x000002c79da20000, 0x000002c79de60000]
 total_blobs=1436 nmethods=944 adapters=394
 compilation: enabled
              stopped_count=0, restarted_count=0
 full_count=0

Compilation events (20 events):
Event: 0.370 Thread 0x000002c7ad9d4220  929       3       java.lang.invoke.BoundMethodHandle::<init> (32 bytes)
Event: 0.370 Thread 0x000002c7add3dad0  930       4       java.lang.invoke.MemberName::getReferenceKind (12 bytes)
Event: 0.370 Thread 0x000002c7ad9d4220 nmethod 929 0x000002c79643fc90 code [0x000002c79643fe40, 0x000002c79643ffa0]
Event: 0.370 Thread 0x000002c7add3dad0 nmethod 930 0x000002c79dea8d90 code [0x000002c79dea8f00, 0x000002c79dea8f90]
Event: 0.371 Thread 0x000002c7ada15080  932       3       sun.invoke.util.BytecodeDescriptor::unparse (24 bytes)
Event: 0.371 Thread 0x000002c7ada15080 nmethod 932 0x000002c796440090 code [0x000002c796440240, 0x000002c796440440]
Event: 0.371 Thread 0x000002c7ada15080  935       3       java.lang.invoke.DirectMethodHandle::preparedLambdaForm (31 bytes)
Event: 0.371 Thread 0x000002c7adbba460  937       3       jdk.internal.org.objectweb.asm.MethodWriter::visitMethodInsn (191 bytes)
Event: 0.371 Thread 0x000002c7ada15080 nmethod 935 0x000002c796440510 code [0x000002c796440700, 0x000002c796440b98]
Event: 0.371 Thread 0x000002c7ada15080  938       3       jdk.internal.org.objectweb.asm.SymbolTable::addConstantMethodref (24 bytes)
Event: 0.371 Thread 0x000002c7ada15080 nmethod 938 0x000002c796440d90 code [0x000002c796440f40, 0x000002c7964410e0]
Event: 0.371 Thread 0x000002c7ada15080  939       3       jdk.internal.org.objectweb.asm.MethodVisitor::<init> (78 bytes)
Event: 0.372 Thread 0x000002c7adbba460 nmethod 937 0x000002c796441190 code [0x000002c7964413c0, 0x000002c796441b28]
Event: 0.372 Thread 0x000002c7ada145d0  941       4       java.lang.StringBuilder::append (8 bytes)
Event: 0.372 Thread 0x000002c7add3dad0  942       4       java.lang.AbstractStringBuilder::append (45 bytes)
Event: 0.372 Thread 0x000002c7ada15080 nmethod 939 0x000002c796441e90 code [0x000002c7964420c0, 0x000002c796442860]
Event: 0.375 Thread 0x000002c7adbba460  943       3       jdk.internal.loader.NativeLibraries$NativeLibraryImpl::find (9 bytes)
Event: 0.375 Thread 0x000002c7adbba460 nmethod 943 0x000002c796442b10 code [0x000002c796442cc0, 0x000002c796442e00]
Event: 0.375 Thread 0x000002c7ada145d0 nmethod 941 0x000002c79deaa390 code [0x000002c79deaa560, 0x000002c79deaaca0]
Event: 0.376 Thread 0x000002c7add3dad0 nmethod 942 0x000002c79deab090 code [0x000002c79deab260, 0x000002c79deab990]

GC Heap History (0 events):
No events

Dll operation events (20 events):
Event: 0.248 Loaded shared library C:\Users\santo\.openjfx\cache\22.0.1+7\amd64\api-ms-win-crt-filesystem-l1-1-0.dll
Event: 0.250 Loaded shared library C:\Users\santo\.openjfx\cache\22.0.1+7\amd64\api-ms-win-crt-heap-l1-1-0.dll
Event: 0.252 Loaded shared library C:\Users\santo\.openjfx\cache\22.0.1+7\amd64\api-ms-win-crt-locale-l1-1-0.dll
Event: 0.253 Loaded shared library C:\Users\santo\.openjfx\cache\22.0.1+7\amd64\api-ms-win-crt-math-l1-1-0.dll
Event: 0.255 Loaded shared library C:\Users\santo\.openjfx\cache\22.0.1+7\amd64\api-ms-win-crt-multibyte-l1-1-0.dll
Event: 0.258 Loaded shared library C:\Users\santo\.openjfx\cache\22.0.1+7\amd64\api-ms-win-crt-private-l1-1-0.dll
Event: 0.260 Loaded shared library C:\Users\santo\.openjfx\cache\22.0.1+7\amd64\api-ms-win-crt-process-l1-1-0.dll
Event: 0.261 Loaded shared library C:\Users\santo\.openjfx\cache\22.0.1+7\amd64\api-ms-win-crt-runtime-l1-1-0.dll
Event: 0.263 Loaded shared library C:\Users\santo\.openjfx\cache\22.0.1+7\amd64\api-ms-win-crt-stdio-l1-1-0.dll
Event: 0.264 Loaded shared library C:\Users\santo\.openjfx\cache\22.0.1+7\amd64\api-ms-win-crt-string-l1-1-0.dll
Event: 0.266 Loaded shared library C:\Users\santo\.openjfx\cache\22.0.1+7\amd64\api-ms-win-crt-time-l1-1-0.dll
Event: 0.268 Loaded shared library C:\Users\santo\.openjfx\cache\22.0.1+7\amd64\api-ms-win-crt-utility-l1-1-0.dll
Event: 0.277 Loaded shared library C:\Users\santo\.openjfx\cache\22.0.1+7\amd64\ucrtbase.dll
Event: 0.280 Loaded shared library C:\Users\santo\.openjfx\cache\22.0.1+7\amd64\vcruntime140.dll
Event: 0.282 Loaded shared library C:\Users\santo\.openjfx\cache\22.0.1+7\amd64\vcruntime140_1.dll
Event: 0.289 Loaded shared library C:\Users\santo\.openjfx\cache\22.0.1+7\amd64\msvcp140.dll
Event: 0.292 Loaded shared library C:\Users\santo\.openjfx\cache\22.0.1+7\amd64\msvcp140_1.dll
Event: 0.295 Loaded shared library C:\Users\santo\.openjfx\cache\22.0.1+7\amd64\msvcp140_2.dll
Event: 0.320 Loaded shared library C:\Users\santo\.openjfx\cache\22.0.1+7\amd64\prism_d3d.dll
Event: 0.367 Loaded shared library C:\Users\santo\.openjfx\cache\22.0.1+7\amd64\glass.dll

Deoptimization events (20 events):
Event: 0.048 Thread 0x000002c78bdb7880 DEOPT PACKING pc=0x000002c79de67b7c sp=0x000000ebe1dfdc60
Event: 0.048 Thread 0x000002c78bdb7880 DEOPT UNPACKING pc=0x000002c79d7646a2 sp=0x000000ebe1dfdbd0 mode 2
Event: 0.212 Thread 0x000002c7ade56d50 DEOPT PACKING pc=0x000002c7962e887c sp=0x000000ebe34feb80
Event: 0.212 Thread 0x000002c7ade56d50 DEOPT UNPACKING pc=0x000002c79d764e42 sp=0x000000ebe34fdfa0 mode 0
Event: 0.224 Thread 0x000002c7ade56d50 DEOPT PACKING pc=0x000002c7962d7ccc sp=0x000000ebe34fea70
Event: 0.224 Thread 0x000002c7ade56d50 DEOPT UNPACKING pc=0x000002c79d764e42 sp=0x000000ebe34fded8 mode 0
Event: 0.280 Thread 0x000002c7ade56d50 DEOPT PACKING pc=0x000002c7963c62df sp=0x000000ebe34fee00
Event: 0.280 Thread 0x000002c7ade56d50 DEOPT UNPACKING pc=0x000002c79d764e42 sp=0x000000ebe34fe220 mode 0
Event: 0.353 Thread 0x000002c7f33d09c0 Uncommon trap: trap_request=0xffffff45 fr.pc=0x000002c79de7f440 relative=0x0000000000000040
Event: 0.353 Thread 0x000002c7f33d09c0 Uncommon trap: reason=unstable_if action=reinterpret pc=0x000002c79de7f440 method=java.util.concurrent.locks.AbstractQueuedSynchronizer.signalNext(Ljava/util/concurrent/locks/AbstractQueuedSynchronizer$Node;)V @ 1 c2
Event: 0.353 Thread 0x000002c7f33d09c0 DEOPT PACKING pc=0x000002c79de7f440 sp=0x000000ebe35ff650
Event: 0.353 Thread 0x000002c7f33d09c0 DEOPT UNPACKING pc=0x000002c79d7646a2 sp=0x000000ebe35ff5e8 mode 2
Event: 0.367 Thread 0x000002c7ade56d50 Uncommon trap: trap_request=0xffffff45 fr.pc=0x000002c79de7f880 relative=0x0000000000000160
Event: 0.367 Thread 0x000002c7ade56d50 Uncommon trap: reason=unstable_if action=reinterpret pc=0x000002c79de7f880 method=java.util.concurrent.locks.ReentrantLock$NonfairSync.initialTryLock()Z @ 10 c2
Event: 0.367 Thread 0x000002c7ade56d50 DEOPT PACKING pc=0x000002c79de7f880 sp=0x000000ebe34fe090
Event: 0.367 Thread 0x000002c7ade56d50 DEOPT UNPACKING pc=0x000002c79d7646a2 sp=0x000000ebe34fe038 mode 2
Event: 0.367 Thread 0x000002c7ade56d50 Uncommon trap: trap_request=0xffffff45 fr.pc=0x000002c79de821f4 relative=0x00000000000000d4
Event: 0.367 Thread 0x000002c7ade56d50 Uncommon trap: reason=unstable_if action=reinterpret pc=0x000002c79de821f4 method=java.util.concurrent.locks.ReentrantLock$Sync.tryRelease(I)Z @ 26 c2
Event: 0.367 Thread 0x000002c7ade56d50 DEOPT PACKING pc=0x000002c79de821f4 sp=0x000000ebe34fe090
Event: 0.367 Thread 0x000002c7ade56d50 DEOPT UNPACKING pc=0x000002c79d7646a2 sp=0x000000ebe34fe030 mode 2

Classes loaded (20 events):
Event: 0.362 Loading class java/lang/ProcessEnvironment
Event: 0.363 Loading class java/lang/ProcessEnvironment done
Event: 0.363 Loading class java/lang/ProcessEnvironment$NameComparator
Event: 0.363 Loading class java/lang/ProcessEnvironment$NameComparator done
Event: 0.363 Loading class java/lang/ProcessEnvironment$EntryComparator
Event: 0.363 Loading class java/lang/ProcessEnvironment$EntryComparator done
Event: 0.363 Loading class java/lang/ProcessEnvironment$CheckedEntrySet
Event: 0.363 Loading class java/lang/ProcessEnvironment$CheckedEntrySet done
Event: 0.363 Loading class java/lang/ProcessEnvironment$CheckedEntrySet$1
Event: 0.363 Loading class java/lang/ProcessEnvironment$CheckedEntrySet$1 done
Event: 0.363 Loading class java/lang/ProcessEnvironment$CheckedEntry
Event: 0.363 Loading class java/lang/ProcessEnvironment$CheckedEntry done
Event: 0.367 Loading class java/lang/Throwable$WrappedPrintStream
Event: 0.367 Loading class java/lang/Throwable$PrintStreamOrWriter
Event: 0.367 Loading class java/lang/Throwable$PrintStreamOrWriter done
Event: 0.367 Loading class java/lang/Throwable$WrappedPrintStream done
Event: 0.369 Loading class java/util/concurrent/BlockingDeque
Event: 0.369 Loading class java/util/concurrent/BlockingDeque done
Event: 0.369 Loading class java/util/concurrent/LinkedBlockingDeque
Event: 0.369 Loading class java/util/concurrent/LinkedBlockingDeque done

Classes unloaded (0 events):
No events

Classes redefined (0 events):
No events

Internal exceptions (9 events):
Event: 0.063 Thread 0x000002c78bdb7880 Exception <a 'java/lang/NoSuchMethodError'{0x00000007157fee38}: 'java.lang.Object java.lang.invoke.DirectMethodHandle$Holder.newInvokeSpecial(java.lang.Object, java.lang.Object, java.lang.Object, java.lang.Object, java.lang.Object)'> (0x00000007157fee38) 
thrown [s\open\src\hotspot\share\interpreter\linkResolver.cpp, line 774]
Event: 0.064 Thread 0x000002c7ade56d50 Exception <a 'java/lang/NoSuchMethodError'{0x000000071547b648}: 'void java.lang.invoke.DirectMethodHandle$Holder.invokeStatic(java.lang.Object, java.lang.Object)'> (0x000000071547b648) 
thrown [s\open\src\hotspot\share\interpreter\linkResolver.cpp, line 774]
Event: 0.118 Thread 0x000002c7ade56d50 Exception <a 'java/lang/NoSuchMethodError'{0x000000071524ffc0}: 'void java.lang.invoke.DirectMethodHandle$Holder.invokeSpecial(java.lang.Object, java.lang.Object, java.lang.Object)'> (0x000000071524ffc0) 
thrown [s\open\src\hotspot\share\interpreter\linkResolver.cpp, line 774]
Event: 0.124 Thread 0x000002c7ade56d50 Exception <a 'java/lang/ClassNotFoundException'{0x0000000715284448}: sun/util/logging/resources/spi/loggingProvider> (0x0000000715284448) 
thrown [s\open\src\hotspot\share\classfile\systemDictionary.cpp, line 313]
Event: 0.314 Thread 0x000002c7ade56d50 Exception <a 'java/lang/NoSuchMethodError'{0x0000000714ff9ca0}: 'void java.lang.invoke.DirectMethodHandle$Holder.invokeStatic(java.lang.Object, java.lang.Object, java.lang.Object)'> (0x0000000714ff9ca0) 
thrown [s\open\src\hotspot\share\interpreter\linkResolver.cpp, line 774]
Event: 0.354 Thread 0x000002c7ade56d50 Exception <a 'java/lang/NoSuchMethodError'{0x0000000714c8ce60}: 'int java.lang.invoke.DirectMethodHandle$Holder.invokeStaticInit(java.lang.Object, java.lang.Object, java.lang.Object)'> (0x0000000714c8ce60) 
thrown [s\open\src\hotspot\share\interpreter\linkResolver.cpp, line 774]
Event: 0.367 Thread 0x000002c7ade56d50 Exception <a 'java/lang/NoSuchMethodError'{0x0000000714d17288}: notifyThemeChanged> (0x0000000714d17288) 
thrown [s\open\src\hotspot\share\prims\jni.cpp, line 1077]
Event: 0.371 Thread 0x000002c7ade56d50 Exception <a 'java/lang/NoSuchMethodError'{0x0000000714d27ee8}: 'java.lang.Object java.lang.invoke.DirectMethodHandle$Holder.newInvokeSpecial(java.lang.Object, java.lang.Object, int, java.lang.Object)'> (0x0000000714d27ee8) 
thrown [s\open\src\hotspot\share\interpreter\linkResolver.cpp, line 774]
Event: 0.371 Thread 0x000002c7ade56d50 Exception <a 'java/lang/NoSuchMethodError'{0x0000000714d2be70}: 'java.lang.Object java.lang.invoke.DirectMethodHandle$Holder.invokeSpecial(java.lang.Object, java.lang.Object, java.lang.Object, int, java.lang.Object)'> (0x0000000714d2be70) 
thrown [s\open\src\hotspot\share\interpreter\linkResolver.cpp, line 774]

ZGC Phase Switch (0 events):
No events

VM Operations (4 events):
Event: 0.045 Executing VM operation: HandshakeAllThreads (Deoptimize)
Event: 0.045 Executing VM operation: HandshakeAllThreads (Deoptimize) done
Event: 0.363 Executing VM operation: HandshakeAllThreads (Deoptimize)
Event: 0.363 Executing VM operation: HandshakeAllThreads (Deoptimize) done

Events (20 events):
Event: 0.014 Thread 0x000002c78bdb7880 Thread added: 0x000002c78bdb7880
Event: 0.021 Thread 0x000002c7ada081a0 Thread added: 0x000002c7ada081a0
Event: 0.021 Thread 0x000002c7ada08ec0 Thread added: 0x000002c7ada08ec0
Event: 0.021 Thread 0x000002c7ada0aa90 Thread added: 0x000002c7ada0aa90
Event: 0.021 Thread 0x000002c7ada10190 Thread added: 0x000002c7ada10190
Event: 0.021 Thread 0x000002c7ada11d00 Thread added: 0x000002c7ada11d00
Event: 0.021 Thread 0x000002c7ada12760 Thread added: 0x000002c7ada12760
Event: 0.021 Thread 0x000002c7ada145d0 Thread added: 0x000002c7ada145d0
Event: 0.021 Thread 0x000002c7ada15080 Thread added: 0x000002c7ada15080
Event: 0.024 Thread 0x000002c7adbba460 Thread added: 0x000002c7adbba460
Event: 0.024 Thread 0x000002c7adbbab20 Thread added: 0x000002c7adbbab20
Event: 0.026 Thread 0x000002c7ad9d4220 Thread added: 0x000002c7ad9d4220
Event: 0.032 Thread 0x000002c7add0f040 Thread added: 0x000002c7add0f040
Event: 0.032 Thread 0x000002c7add13300 Thread added: 0x000002c7add13300
Event: 0.040 Thread 0x000002c7add3d410 Thread added: 0x000002c7add3d410
Event: 0.041 Thread 0x000002c7add3dad0 Thread added: 0x000002c7add3dad0
Event: 0.063 Thread 0x000002c7ade56d50 Thread added: 0x000002c7ade56d50
Event: 0.315 Thread 0x000002c7f33d09c0 Thread added: 0x000002c7f33d09c0
Event: 0.370 Thread 0x000002c7f8708400 Thread added: 0x000002c7f8708400
Event: 0.372 Thread 0x000002c7f8754680 Thread added: 0x000002c7f8754680


Dynamic libraries:
0x00007ff763d50000 - 0x00007ff763d60000 	C:\Program Files\Java\jdk-22\bin\java.exe
0x00007ffbef390000 - 0x00007ffbef5a7000 	C:\Windows\SYSTEM32\ntdll.dll
0x00007ffbee100000 - 0x00007ffbee1c4000 	C:\Windows\System32\KERNEL32.DLL
0x00007ffbecbc0000 - 0x00007ffbecf67000 	C:\Windows\System32\KERNELBASE.dll
0x00007ffbecfa0000 - 0x00007ffbed0b1000 	C:\Windows\System32\ucrtbase.dll
0x00007ffb5e6d0000 - 0x00007ffb5e6e7000 	C:\Program Files\Java\jdk-22\bin\jli.dll
0x00007ffbee460000 - 0x00007ffbee512000 	C:\Windows\System32\ADVAPI32.dll
0x00007ffbeefa0000 - 0x00007ffbef047000 	C:\Windows\System32\msvcrt.dll
0x00007ffbee620000 - 0x00007ffbee6c8000 	C:\Windows\System32\sechost.dll
0x00007ffb5e6b0000 - 0x00007ffb5e6cb000 	C:\Program Files\Java\jdk-22\bin\VCRUNTIME140.dll
0x00007ffbec9b0000 - 0x00007ffbec9d8000 	C:\Windows\System32\bcrypt.dll
0x00007ffbeda70000 - 0x00007ffbedb85000 	C:\Windows\System32\RPCRT4.dll
0x00007ffbee2b0000 - 0x00007ffbee45e000 	C:\Windows\System32\USER32.dll
0x00007ffbecf70000 - 0x00007ffbecf96000 	C:\Windows\System32\win32u.dll
0x00007ffbed720000 - 0x00007ffbed749000 	C:\Windows\System32\GDI32.dll
0x00007ffbd2970000 - 0x00007ffbd2c03000 	C:\Windows\WinSxS\amd64_microsoft.windows.common-controls_6595b64144ccf1df_6.0.22621.3527_none_270e469b73872a76\COMCTL32.dll
0x00007ffbec730000 - 0x00007ffbec849000 	C:\Windows\System32\gdi32full.dll
0x00007ffbec910000 - 0x00007ffbec9aa000 	C:\Windows\System32\msvcp_win.dll
0x00007ffbdb370000 - 0x00007ffbdb37a000 	C:\Windows\SYSTEM32\VERSION.dll
0x00007ffbed450000 - 0x00007ffbed481000 	C:\Windows\System32\IMM32.DLL
0x00007ffbbb390000 - 0x00007ffbbb39c000 	C:\Program Files\Java\jdk-22\bin\vcruntime140_1.dll
0x00007ffb5b6e0000 - 0x00007ffb5b76e000 	C:\Program Files\Java\jdk-22\bin\msvcp140.dll
0x00007ffb5a990000 - 0x00007ffb5b6d8000 	C:\Program Files\Java\jdk-22\bin\server\jvm.dll
0x00007ffbed490000 - 0x00007ffbed501000 	C:\Windows\System32\WS2_32.dll
0x00007ffbeb530000 - 0x00007ffbeb57d000 	C:\Windows\SYSTEM32\POWRPROF.dll
0x00007ffbe40b0000 - 0x00007ffbe40e4000 	C:\Windows\SYSTEM32\WINMM.dll
0x00007ffbeb510000 - 0x00007ffbeb523000 	C:\Windows\SYSTEM32\UMPDC.dll
0x00007ffbeb7c0000 - 0x00007ffbeb7d8000 	C:\Windows\SYSTEM32\kernel.appcore.dll
0x00007ffbb99e0000 - 0x00007ffbb99ea000 	C:\Program Files\Java\jdk-22\bin\jimage.dll
0x00007ffbe99e0000 - 0x00007ffbe9c13000 	C:\Windows\SYSTEM32\DBGHELP.DLL
0x00007ffbed0c0000 - 0x00007ffbed448000 	C:\Windows\System32\combase.dll
0x00007ffbee1d0000 - 0x00007ffbee2a7000 	C:\Windows\System32\OLEAUT32.dll
0x00007ffbc71e0000 - 0x00007ffbc7212000 	C:\Windows\SYSTEM32\dbgcore.DLL
0x00007ffbec6b0000 - 0x00007ffbec729000 	C:\Windows\System32\bcryptPrimitives.dll
0x00007ffb5da60000 - 0x00007ffb5da7e000 	C:\Program Files\Java\jdk-22\bin\java.dll
0x00007ffbee6d0000 - 0x00007ffbeef2c000 	C:\Windows\System32\SHELL32.dll
0x00007ffbef180000 - 0x00007ffbef325000 	C:\Windows\System32\ole32.dll
0x00007ffbea600000 - 0x00007ffbeaef6000 	C:\Windows\SYSTEM32\windows.storage.dll
0x00007ffbea4c0000 - 0x00007ffbea5fe000 	C:\Windows\SYSTEM32\wintypes.dll
0x00007ffbed610000 - 0x00007ffbed705000 	C:\Windows\System32\SHCORE.dll
0x00007ffbed520000 - 0x00007ffbed57e000 	C:\Windows\System32\shlwapi.dll
0x00007ffbec5e0000 - 0x00007ffbec601000 	C:\Windows\SYSTEM32\profapi.dll
0x00007ffb5a8b0000 - 0x00007ffb5a987000 	C:\Program Files\Java\jdk-22\bin\jsvml.dll
0x00007ffbb9200000 - 0x00007ffbb9210000 	C:\Program Files\Java\jdk-22\bin\net.dll
0x00007ffbebc30000 - 0x00007ffbebc99000 	C:\Windows\system32\mswsock.dll
0x00007ffb5bb90000 - 0x00007ffb5bba6000 	C:\Program Files\Java\jdk-22\bin\nio.dll
0x00007ffb5bb70000 - 0x00007ffb5bb87000 	C:\Program Files\Java\jdk-22\bin\zip.dll
0x000002c78ded0000 - 0x000002c78ded3000 	C:\Users\santo\.openjfx\cache\22.0.1+7\amd64\api-ms-win-core-console-l1-1-0.dll
0x000002c78dee0000 - 0x000002c78dee3000 	C:\Users\santo\.openjfx\cache\22.0.1+7\amd64\api-ms-win-core-console-l1-2-0.dll
0x000002c78def0000 - 0x000002c78def3000 	C:\Users\santo\.openjfx\cache\22.0.1+7\amd64\api-ms-win-core-datetime-l1-1-0.dll
0x000002c78df00000 - 0x000002c78df03000 	C:\Users\santo\.openjfx\cache\22.0.1+7\amd64\api-ms-win-core-debug-l1-1-0.dll
0x000002c78df10000 - 0x000002c78df13000 	C:\Users\santo\.openjfx\cache\22.0.1+7\amd64\api-ms-win-core-errorhandling-l1-1-0.dll
0x000002c78df20000 - 0x000002c78df24000 	C:\Users\santo\.openjfx\cache\22.0.1+7\amd64\api-ms-win-core-file-l1-1-0.dll
0x000002c78df30000 - 0x000002c78df33000 	C:\Users\santo\.openjfx\cache\22.0.1+7\amd64\api-ms-win-core-file-l1-2-0.dll
0x000002c7adf70000 - 0x000002c7adf73000 	C:\Users\santo\.openjfx\cache\22.0.1+7\amd64\api-ms-win-core-file-l2-1-0.dll
0x000002c7adf80000 - 0x000002c7adf83000 	C:\Users\santo\.openjfx\cache\22.0.1+7\amd64\api-ms-win-core-handle-l1-1-0.dll
0x000002c7adf90000 - 0x000002c7adf93000 	C:\Users\santo\.openjfx\cache\22.0.1+7\amd64\api-ms-win-core-heap-l1-1-0.dll
0x000002c7adfa0000 - 0x000002c7adfa3000 	C:\Users\santo\.openjfx\cache\22.0.1+7\amd64\api-ms-win-core-interlocked-l1-1-0.dll
0x000002c7adfb0000 - 0x000002c7adfb3000 	C:\Users\santo\.openjfx\cache\22.0.1+7\amd64\api-ms-win-core-libraryloader-l1-1-0.dll
0x000002c7adfc0000 - 0x000002c7adfc3000 	C:\Users\santo\.openjfx\cache\22.0.1+7\amd64\api-ms-win-core-localization-l1-2-0.dll
0x000002c7adfd0000 - 0x000002c7adfd3000 	C:\Users\santo\.openjfx\cache\22.0.1+7\amd64\api-ms-win-core-memory-l1-1-0.dll
0x000002c7adfe0000 - 0x000002c7adfe3000 	C:\Users\santo\.openjfx\cache\22.0.1+7\amd64\api-ms-win-core-namedpipe-l1-1-0.dll
0x000002c7adff0000 - 0x000002c7adff3000 	C:\Users\santo\.openjfx\cache\22.0.1+7\amd64\api-ms-win-core-processenvironment-l1-1-0.dll
0x000002c7f3800000 - 0x000002c7f3803000 	C:\Users\santo\.openjfx\cache\22.0.1+7\amd64\api-ms-win-core-processthreads-l1-1-0.dll
0x000002c7f3810000 - 0x000002c7f3813000 	C:\Users\santo\.openjfx\cache\22.0.1+7\amd64\api-ms-win-core-processthreads-l1-1-1.dll
0x000002c7f3820000 - 0x000002c7f3823000 	C:\Users\santo\.openjfx\cache\22.0.1+7\amd64\api-ms-win-core-profile-l1-1-0.dll
0x000002c7f3830000 - 0x000002c7f3833000 	C:\Users\santo\.openjfx\cache\22.0.1+7\amd64\api-ms-win-core-rtlsupport-l1-1-0.dll
0x000002c7f3840000 - 0x000002c7f3843000 	C:\Users\santo\.openjfx\cache\22.0.1+7\amd64\api-ms-win-core-string-l1-1-0.dll
0x000002c7f3850000 - 0x000002c7f3853000 	C:\Users\santo\.openjfx\cache\22.0.1+7\amd64\api-ms-win-core-synch-l1-1-0.dll
0x000002c7f3860000 - 0x000002c7f3863000 	C:\Users\santo\.openjfx\cache\22.0.1+7\amd64\api-ms-win-core-synch-l1-2-0.dll
0x000002c7f3870000 - 0x000002c7f3873000 	C:\Users\santo\.openjfx\cache\22.0.1+7\amd64\api-ms-win-core-sysinfo-l1-1-0.dll
0x000002c7f3880000 - 0x000002c7f3883000 	C:\Users\santo\.openjfx\cache\22.0.1+7\amd64\api-ms-win-core-timezone-l1-1-0.dll
0x000002c7f3890000 - 0x000002c7f3893000 	C:\Users\santo\.openjfx\cache\22.0.1+7\amd64\api-ms-win-core-util-l1-1-0.dll
0x000002c7f38a0000 - 0x000002c7f38a3000 	C:\Users\santo\.openjfx\cache\22.0.1+7\amd64\api-ms-win-crt-conio-l1-1-0.dll
0x000002c7f38b0000 - 0x000002c7f38b4000 	C:\Users\santo\.openjfx\cache\22.0.1+7\amd64\api-ms-win-crt-convert-l1-1-0.dll
0x000002c7f38c0000 - 0x000002c7f38c3000 	C:\Users\santo\.openjfx\cache\22.0.1+7\amd64\api-ms-win-crt-environment-l1-1-0.dll
0x000002c7f38d0000 - 0x000002c7f38d3000 	C:\Users\santo\.openjfx\cache\22.0.1+7\amd64\api-ms-win-crt-filesystem-l1-1-0.dll
0x000002c7f38e0000 - 0x000002c7f38e3000 	C:\Users\santo\.openjfx\cache\22.0.1+7\amd64\api-ms-win-crt-heap-l1-1-0.dll
0x000002c7f38f0000 - 0x000002c7f38f3000 	C:\Users\santo\.openjfx\cache\22.0.1+7\amd64\api-ms-win-crt-locale-l1-1-0.dll
0x000002c7f3900000 - 0x000002c7f3905000 	C:\Users\santo\.openjfx\cache\22.0.1+7\amd64\api-ms-win-crt-math-l1-1-0.dll
0x000002c7f3910000 - 0x000002c7f3915000 	C:\Users\santo\.openjfx\cache\22.0.1+7\amd64\api-ms-win-crt-multibyte-l1-1-0.dll
0x000002c7f3920000 - 0x000002c7f3930000 	C:\Users\santo\.openjfx\cache\22.0.1+7\amd64\api-ms-win-crt-private-l1-1-0.dll
0x000002c7f3930000 - 0x000002c7f3933000 	C:\Users\santo\.openjfx\cache\22.0.1+7\amd64\api-ms-win-crt-process-l1-1-0.dll
0x000002c7f3940000 - 0x000002c7f3944000 	C:\Users\santo\.openjfx\cache\22.0.1+7\amd64\api-ms-win-crt-runtime-l1-1-0.dll
0x000002c7f3950000 - 0x000002c7f3954000 	C:\Users\santo\.openjfx\cache\22.0.1+7\amd64\api-ms-win-crt-stdio-l1-1-0.dll
0x000002c7f3960000 - 0x000002c7f3964000 	C:\Users\santo\.openjfx\cache\22.0.1+7\amd64\api-ms-win-crt-string-l1-1-0.dll
0x000002c7f3970000 - 0x000002c7f3973000 	C:\Users\santo\.openjfx\cache\22.0.1+7\amd64\api-ms-win-crt-time-l1-1-0.dll
0x000002c7f3980000 - 0x000002c7f3983000 	C:\Users\santo\.openjfx\cache\22.0.1+7\amd64\api-ms-win-crt-utility-l1-1-0.dll
0x00007ffb5a7b0000 - 0x00007ffb5a8ac000 	C:\Users\santo\.openjfx\cache\22.0.1+7\amd64\ucrtbase.dll
0x00007ffb5a790000 - 0x00007ffb5a7ab000 	C:\Users\santo\.openjfx\cache\22.0.1+7\amd64\vcruntime140.dll
0x00007ffbb90b0000 - 0x00007ffbb90bc000 	C:\Users\santo\.openjfx\cache\22.0.1+7\amd64\vcruntime140_1.dll
0x00007ffb5a700000 - 0x00007ffb5a78e000 	C:\Users\santo\.openjfx\cache\22.0.1+7\amd64\msvcp140.dll
0x00007ffbb8110000 - 0x00007ffbb8119000 	C:\Users\santo\.openjfx\cache\22.0.1+7\amd64\msvcp140_1.dll
0x00007ffb5a6d0000 - 0x00007ffb5a6ff000 	C:\Users\santo\.openjfx\cache\22.0.1+7\amd64\msvcp140_2.dll
0x00007ffb5a6a0000 - 0x00007ffb5a6cf000 	C:\Users\santo\.openjfx\cache\22.0.1+7\amd64\prism_d3d.dll
0x00007ffbdd2f0000 - 0x00007ffbdd499000 	C:\Windows\system32\d3d9.dll
0x00007ffbe95f0000 - 0x00007ffbe961b000 	C:\Windows\SYSTEM32\dwmapi.dll
0x00007ffbe9e10000 - 0x00007ffbe9e49000 	C:\Windows\SYSTEM32\dxcore.dll
0x00007ffbe93b0000 - 0x00007ffbe945b000 	C:\Windows\system32\uxtheme.dll
0x00007ffb6f240000 - 0x00007ffb6f2f0000 	C:\Windows\SYSTEM32\d3d9on12.dll
0x00007ffbe94e0000 - 0x00007ffbe95d7000 	C:\Windows\SYSTEM32\dxgi.dll
0x00007ffb9fc40000 - 0x00007ffb9fc66000 	C:\Windows\SYSTEM32\d3d12.dll
0x00007ffbec390000 - 0x00007ffbec3de000 	C:\Windows\SYSTEM32\cfgmgr32.dll
0x00007ffb6de30000 - 0x00007ffb6e033000 	C:\Windows\SYSTEM32\D3D12Core.dll
0x00007ffb93910000 - 0x00007ffb93937000 	C:\Windows\System32\DriverStore\FileRepository\iigd_dch.inf_amd64_a20fccc4824e3254\igd12umd64.dll
0x00007ffb6d000000 - 0x00007ffb6de2b000 	C:\Windows\System32\DriverStore\FileRepository\iigd_dch.inf_amd64_a20fccc4824e3254\igd12um64xel.dll
0x00007ffbeca50000 - 0x00007ffbecbb7000 	C:\Windows\System32\CRYPT32.dll
0x00007ffbdfd80000 - 0x00007ffbdfdbb000 	C:\Windows\SYSTEM32\ControlLib.dll
0x00007ffbedc50000 - 0x00007ffbee0c4000 	C:\Windows\System32\SETUPAPI.dll
0x00007ffbec360000 - 0x00007ffbec38c000 	C:\Windows\SYSTEM32\DEVOBJ.dll
0x00007ffbdfd00000 - 0x00007ffbdfd76000 	C:\Windows\System32\DriverStore\FileRepository\iigd_dch.inf_amd64_a20fccc4824e3254\IntelControlLib.dll
0x00007ffbec9e0000 - 0x00007ffbeca4b000 	C:\Windows\System32\WINTRUST.dll
0x00007ffbebff0000 - 0x00007ffbec002000 	C:\Windows\SYSTEM32\MSASN1.dll
0x00007ffbe5db0000 - 0x00007ffbe5dfa000 	C:\Windows\SYSTEM32\directxdatabasehelper.dll
0x00007ffba73d0000 - 0x00007ffba77e5000 	C:\Windows\System32\DriverStore\FileRepository\iigd_dch.inf_amd64_a20fccc4824e3254\igdgmm64.dll
0x00007ffb78140000 - 0x00007ffb7c6a0000 	C:\Windows\System32\DriverStore\FileRepository\iigd_dch.inf_amd64_a20fccc4824e3254\igc64.dll
0x00007ffb85c40000 - 0x00007ffb85c6f000 	C:\Windows\SYSTEM32\D3DSCache.dll
0x00007ffbebd30000 - 0x00007ffbebd58000 	C:\Windows\SYSTEM32\USERENV.dll
0x00007ffb9a760000 - 0x00007ffb9de15000 	C:\Windows\System32\DriverStore\FileRepository\iigd_dch.inf_amd64_a20fccc4824e3254\igd12dxva64.dll
0x00007ffbd56c0000 - 0x00007ffbd56e7000 	C:\Windows\System32\DriverStore\FileRepository\iigd_dch.inf_amd64_a20fccc4824e3254\igdinfo64.dll
0x00007ffbe1fa0000 - 0x00007ffbe222b000 	C:\Windows\SYSTEM32\twinapi.appcore.dll
0x00007ffb5a650000 - 0x00007ffb5a692000 	C:\Users\santo\.openjfx\cache\22.0.1+7\amd64\glass.dll
0x00007ffbee520000 - 0x00007ffbee617000 	C:\Windows\System32\COMDLG32.dll
0x00007ffbed910000 - 0x00007ffbeda63000 	C:\Windows\System32\MSCTF.dll

dbghelp: loaded successfully - version: 4.0.5 - missing functions: none
symbol engine: initialized successfully - sym options: 0x614 - pdb path: .;C:\Program Files\Java\jdk-22\bin;C:\Windows\SYSTEM32;C:\Windows\WinSxS\amd64_microsoft.windows.common-controls_6595b64144ccf1df_6.0.22621.3527_none_270e469b73872a76;C:\Program Files\Java\jdk-22\bin\server;C:\Users\santo\.openjfx\cache\22.0.1+7\amd64;C:\Windows\System32\DriverStore\FileRepository\iigd_dch.inf_amd64_a20fccc4824e3254

VM Arguments:
java_command: demo.jar
java_class_path (initial): demo.jar
Launcher Type: SUN_STANDARD

[Global flags]
     intx CICompilerCount                          = 12                                        {product} {ergonomic}
     uint ConcGCThreads                            = 3                                         {product} {ergonomic}
     uint G1ConcRefinementThreads                  = 13                                        {product} {ergonomic}
   size_t G1HeapRegionSize                         = 2097152                                   {product} {ergonomic}
   size_t InitialHeapSize                          = 264241152                                 {product} {ergonomic}
   size_t MarkStackSize                            = 4194304                                   {product} {ergonomic}
   size_t MaxHeapSize                              = 4196401152                                {product} {ergonomic}
   size_t MaxNewSize                               = 2516582400                                {product} {ergonomic}
   size_t MinHeapDeltaBytes                        = 2097152                                   {product} {ergonomic}
   size_t MinHeapSize                              = 8388608                                   {product} {ergonomic}
    uintx NonNMethodCodeHeapSize                   = 7602480                                {pd product} {ergonomic}
    uintx NonProfiledCodeHeapSize                  = 122027880                              {pd product} {ergonomic}
    uintx ProfiledCodeHeapSize                     = 122027880                              {pd product} {ergonomic}
    uintx ReservedCodeCacheSize                    = 251658240                              {pd product} {ergonomic}
     bool SegmentedCodeCache                       = true                                      {product} {ergonomic}
   size_t SoftMaxHeapSize                          = 4196401152                             {manageable} {ergonomic}
     bool UseCompressedOops                        = true                           {product lp64_product} {ergonomic}
     bool UseG1GC                                  = true                                      {product} {ergonomic}
     bool UseLargePagesIndividualAllocation        = false                                  {pd product} {ergonomic}

Logging:
Log output configuration:
 #0: stdout all=warning uptime,level,tags foldmultilines=false
 #1: stderr all=off uptime,level,tags foldmultilines=false

Environment Variables:
PATH=C:\Program Files\Common Files\Oracle\Java\javapath;C:\Program Files (x86)\Common Files\Oracle\Java\java8path;C:\Program Files (x86)\Common Files\Oracle\Java\javapath;C:\Windows\system32;C:\Windows;C:\Windows\System32\Wbem;C:\Windows\System32\WindowsPowerShell\v1.0\;C:\Windows\System32\OpenSSH\;C:\Program Files (x86)\NVIDIA Corporation\PhysX\Common;C:\Program Files\NVIDIA Corporation\NVIDIA NvDLISR;C:\Program Files\Git\cmd;C:\Users\santo\Downloads\windows_10_msbuild_Release_graphviz-9.0.0-win32\Graphviz\bin;C:\Program Files\nodejs\;C:\Program Files\dotnet\;C:\Users\santo\AppData\Local\Programs\Python\Python311\Scripts\;C:\Users\santo\AppData\Local\Programs\Python\Python311\;C:\Users\santo\AppData\Local\Microsoft\WindowsApps;C:\Users\santo\AppData\Local\Programs\oh-my-posh\bin;C:\Users\santo\AppData\Roaming\npm;C:\Users\santo\AppData\Local\GitHubDesktop\bin;C:\Users\santo\AppData\Local\Programs\Microsoft VS Code\bin
USERNAME=santo
OS=Windows_NT
PROCESSOR_IDENTIFIER=Intel64 Family 6 Model 154 Stepping 3, GenuineIntel
TMP=C:\Users\santo\AppData\Local\Temp
TEMP=C:\Users\santo\AppData\Local\Temp




Periodic native trim disabled

---------------  S Y S T E M  ---------------

OS:
 Windows 11 , 64 bit Build 22621 (10.0.22621.3527)
OS uptime: 6 days 19:31 hours

CPU: total 16 (initial active 16) (8 cores per cpu, 2 threads per core) family 6 model 154 stepping 3 microcode 0x429, cx8, cmov, fxsr, ht, mmx, 3dnowpref, sse, sse2, sse3, ssse3, sse4.1, sse4.2, popcnt, lzcnt, tsc, tscinvbit, avx, avx2, aes, erms, clmul, bmi1, bmi2, adx, sha, fma, vzeroupper, clflush, clflushopt, clwb, serialize, rdtscp, rdpid, fsrm, f16c, pku, cet_ibt, cet_ss
Processor Information for all 16 processors :
  Max Mhz: 2300, Current Mhz: 2300, Mhz Limit: 2300

Memory: 4k page, system-wide physical 16004M (7454M free)
TotalPageFile size 18436M (AvailPageFile size 9010M)
current process WorkingSet (physical memory assigned to process): 84M, peak: 84M
current process commit charge ("private bytes"): 388M, peak: 388M

vm_info: Java HotSpot(TM) 64-Bit Server VM (22+36-2370) for windows-amd64 JRE (22+36-2370), built on 2024-02-15T22:15:19Z by "mach5one" with MS VC++ 17.6 (VS2022)

END.
